[ 2018-05-30T17:30:03+08:00 ] 127.0.0.1 /
INFO: [ app_init ] --START--
INFO: Run Behavior\BuildLiteBehavior [ RunTime:0.000000s ]
INFO: [ app_init ] --END-- [ RunTime:0.001000s ]
INFO: [ app_begin ] --START--
INFO: Run Behavior\ReadHtmlCacheBehavior [ RunTime:0.001000s ]
INFO: [ app_begin ] --END-- [ RunTime:0.001000s ]
NOTIC: [8] A session had already been started - ignoring session_start() D:\project\web_new_world_php\World\Index\Controller\CommonController.class.php 第 10 行.
SQL: SHOW COLUMNS FROM `u_user` [ RunTime:0.1540s ]
SQL: SHOW COLUMNS FROM `u_donation` [ RunTime:0.0270s ]
SQL: SHOW COLUMNS FROM `s_proposal_type` [ RunTime:0.0360s ]
SQL: SELECT `user_havecoin`,`user_outcoin`,`user_outmoney`,`user_name`,`user_icon` FROM `u_user` ORDER BY user_havecoin desc LIMIT 0,6   [ RunTime:0.0340s ]
SQL: SELECT `user_havecoin`,`user_outcoin`,`user_outmoney`,`user_name`,`user_icon` FROM `u_user` ORDER BY user_outcoin desc LIMIT 0,6   [ RunTime:0.0000s ]
SQL: SELECT `user_havecoin`,`user_outcoin`,`user_outmoney`,`user_name`,`user_icon` FROM `u_user` ORDER BY user_outmoney desc LIMIT 0,6   [ RunTime:0.0010s ]
SQL: SELECT `donation_money`,`donation_coin`,`donation_paytime`,`user_name` FROM `u_donation` INNER  JOIN u_user u on u_donation.donation_uid = u.user_id  WHERE ( donation_ispay = 1 ) ORDER BY donation_paytime desc LIMIT 0,7   [ RunTime:0.0370s ]
SQL: SELECT * FROM `s_proposal_type`  [ RunTime:0.0000s ]
INFO: [ view_parse ] --START--
INFO: [ template_filter ] --START--
INFO: Run Behavior\ContentReplaceBehavior [ RunTime:0.001000s ]
INFO: [ template_filter ] --END-- [ RunTime:0.001000s ]
INFO: Run Behavior\ParseTemplateBehavior [ RunTime:0.140008s ]
INFO: [ view_parse ] --END-- [ RunTime:0.140008s ]
INFO: [ view_filter ] --START--
INFO: Run Behavior\WriteHtmlCacheBehavior [ RunTime:0.025002s ]
INFO: [ view_filter ] --END-- [ RunTime:0.025002s ]
INFO: [ app_end ] --START--
INFO: Run Behavior\ShowPageTraceBehavior [ RunTime:0.002000s ]
INFO: [ app_end ] --END-- [ RunTime:0.002000s ]

[ 2018-05-30T17:30:05+08:00 ] 127.0.0.1 /favicon.ico
INFO: [ app_init ] --START--
INFO: Run Behavior\BuildLiteBehavior [ RunTime:0.000000s ]
INFO: [ app_init ] --END-- [ RunTime:0.001000s ]

[ 2018-05-30T17:30:05+08:00 ] 127.0.0.1 /favicon.ico
INFO: [ app_init ] --START--
INFO: Run Behavior\BuildLiteBehavior [ RunTime:0.000000s ]
INFO: [ app_init ] --END-- [ RunTime:0.001000s ]

[ 2018-05-30T17:41:18+08:00 ] 192.168.31.108 /
INFO: [ app_init ] --START--
INFO: Run Behavior\BuildLiteBehavior [ RunTime:0.000000s ]
INFO: [ app_init ] --END-- [ RunTime:0.000000s ]
INFO: [ app_begin ] --START--
INFO: Run Behavior\ReadHtmlCacheBehavior [ RunTime:0.001001s ]
INFO: [ app_begin ] --END-- [ RunTime:0.001001s ]
NOTIC: [8] A session had already been started - ignoring session_start() D:\project\web_new_world_php\World\Index\Controller\CommonController.class.php 第 10 行.
SQL: SHOW COLUMNS FROM `u_user` [ RunTime:0.0080s ]
SQL: SHOW COLUMNS FROM `u_donation` [ RunTime:0.0070s ]
SQL: SHOW COLUMNS FROM `s_proposal_type` [ RunTime:0.0060s ]
SQL: SELECT `user_havecoin`,`user_outcoin`,`user_outmoney`,`user_name`,`user_icon` FROM `u_user` ORDER BY user_havecoin desc LIMIT 0,6   [ RunTime:0.0000s ]
SQL: SELECT `user_havecoin`,`user_outcoin`,`user_outmoney`,`user_name`,`user_icon` FROM `u_user` ORDER BY user_outcoin desc LIMIT 0,6   [ RunTime:0.0010s ]
SQL: SELECT `user_havecoin`,`user_outcoin`,`user_outmoney`,`user_name`,`user_icon` FROM `u_user` ORDER BY user_outmoney desc LIMIT 0,6   [ RunTime:0.0010s ]
SQL: SELECT `donation_money`,`donation_coin`,`donation_paytime`,`user_name` FROM `u_donation` INNER  JOIN u_user u on u_donation.donation_uid = u.user_id  WHERE ( donation_ispay = 1 ) ORDER BY donation_paytime desc LIMIT 0,7   [ RunTime:0.0010s ]
SQL: SELECT * FROM `s_proposal_type`  [ RunTime:0.0010s ]
INFO: [ view_parse ] --START--
INFO: [ template_filter ] --START--
INFO: Run Behavior\ContentReplaceBehavior [ RunTime:0.001000s ]
INFO: [ template_filter ] --END-- [ RunTime:0.001000s ]
INFO: Run Behavior\ParseTemplateBehavior [ RunTime:0.015001s ]
INFO: [ view_parse ] --END-- [ RunTime:0.015001s ]
INFO: [ view_filter ] --START--
INFO: Run Behavior\WriteHtmlCacheBehavior [ RunTime:0.000000s ]
INFO: [ view_filter ] --END-- [ RunTime:0.000000s ]
INFO: [ app_end ] --START--
INFO: Run Behavior\ShowPageTraceBehavior [ RunTime:0.001000s ]
INFO: [ app_end ] --END-- [ RunTime:0.001000s ]

[ 2018-05-30T17:41:20+08:00 ] 192.168.31.108 /favicon.ico
INFO: [ app_init ] --START--
INFO: Run Behavior\BuildLiteBehavior [ RunTime:0.000000s ]
INFO: [ app_init ] --END-- [ RunTime:0.001000s ]

[ 2018-05-30T17:41:23+08:00 ] 192.168.31.108 /index.php?m=Index&c=Rnterst&a=interest
INFO: [ app_init ] --START--
INFO: Run Behavior\BuildLiteBehavior [ RunTime:0.000000s ]
INFO: [ app_init ] --END-- [ RunTime:0.001000s ]
INFO: [ app_begin ] --START--
INFO: Run Behavior\ReadHtmlCacheBehavior [ RunTime:0.001000s ]
INFO: [ app_begin ] --END-- [ RunTime:0.001000s ]
NOTIC: [8] A session had already been started - ignoring session_start() D:\project\web_new_world_php\World\Index\Controller\CommonController.class.php 第 10 行.
SQL: SHOW COLUMNS FROM `s_first_mark` [ RunTime:0.0750s ]
SQL: SHOW COLUMNS FROM `s_second_mark` [ RunTime:0.0240s ]
SQL: SHOW COLUMNS FROM `u_crowd` [ RunTime:0.0460s ]
SQL: SELECT * FROM `s_first_mark` WHERE ( first_mark_mid = 2 and first_mark_type = 1 ) ORDER BY firsth_mark_sort  [ RunTime:0.0010s ]
SQL: SELECT * FROM `s_second_mark` WHERE ( second_mark_fid = 1 ) ORDER BY second_mark_sort  [ RunTime:0.0010s ]
SQL: SELECT * FROM `s_second_mark` WHERE ( second_mark_fid = 2 ) ORDER BY second_mark_sort  [ RunTime:0.0010s ]
SQL: SELECT * FROM `s_second_mark` WHERE ( second_mark_fid = 3 ) ORDER BY second_mark_sort  [ RunTime:0.0010s ]
SQL: SELECT u.user_name,u_crowd.* FROM `u_crowd` INNER JOIN u_user u on u_crowd.crowd_uid = u.user_id  WHERE ( crowd_mid = 2 ) ORDER BY crowd_creattime desc LIMIT 0,10   [ RunTime:0.0190s ]
SQL: SELECT count(*) num FROM `u_crowd` WHERE ( crowd_mid = 2 ) LIMIT 1   [ RunTime:0.0130s ]
INFO: [ view_parse ] --START--
INFO: [ template_filter ] --START--
INFO: Run Behavior\ContentReplaceBehavior [ RunTime:0.000000s ]
INFO: [ template_filter ] --END-- [ RunTime:0.001000s ]
INFO: Run Behavior\ParseTemplateBehavior [ RunTime:0.043002s ]
INFO: [ view_parse ] --END-- [ RunTime:0.043002s ]
INFO: [ view_filter ] --START--
INFO: Run Behavior\WriteHtmlCacheBehavior [ RunTime:0.001001s ]
INFO: [ view_filter ] --END-- [ RunTime:0.001001s ]
INFO: [ app_end ] --START--
INFO: Run Behavior\ShowPageTraceBehavior [ RunTime:0.001000s ]
INFO: [ app_end ] --END-- [ RunTime:0.001000s ]

[ 2018-05-30T17:41:29+08:00 ] 192.168.31.108 /index.php?m=Index&c=Login&a=login
INFO: [ app_init ] --START--
INFO: Run Behavior\BuildLiteBehavior [ RunTime:0.000000s ]
INFO: [ app_init ] --END-- [ RunTime:0.001000s ]
INFO: [ app_begin ] --START--
INFO: Run Behavior\ReadHtmlCacheBehavior [ RunTime:0.002000s ]
INFO: [ app_begin ] --END-- [ RunTime:0.002000s ]
NOTIC: [8] A session had already been started - ignoring session_start() D:\project\web_new_world_php\World\Index\Controller\CommonController.class.php 第 10 行.
INFO: [ view_parse ] --START--
INFO: [ template_filter ] --START--
INFO: Run Behavior\ContentReplaceBehavior [ RunTime:0.000000s ]
INFO: [ template_filter ] --END-- [ RunTime:0.000000s ]
INFO: Run Behavior\ParseTemplateBehavior [ RunTime:0.016001s ]
INFO: [ view_parse ] --END-- [ RunTime:0.016001s ]
INFO: [ view_filter ] --START--
INFO: Run Behavior\WriteHtmlCacheBehavior [ RunTime:0.001000s ]
INFO: [ view_filter ] --END-- [ RunTime:0.001000s ]
INFO: [ app_end ] --START--
INFO: Run Behavior\ShowPageTraceBehavior [ RunTime:0.001000s ]
INFO: [ app_end ] --END-- [ RunTime:0.001000s ]

[ 2018-05-30T17:41:34+08:00 ] 192.168.31.108 /index.php?m=Index&c=SignUp&a=register
INFO: [ app_init ] --START--
INFO: Run Behavior\BuildLiteBehavior [ RunTime:0.000000s ]
INFO: [ app_init ] --END-- [ RunTime:0.001000s ]
INFO: [ app_begin ] --START--
INFO: Run Behavior\ReadHtmlCacheBehavior [ RunTime:0.001000s ]
INFO: [ app_begin ] --END-- [ RunTime:0.001000s ]
INFO: [ view_parse ] --START--
INFO: [ template_filter ] --START--
INFO: Run Behavior\ContentReplaceBehavior [ RunTime:0.000000s ]
INFO: [ template_filter ] --END-- [ RunTime:0.000000s ]
INFO: Run Behavior\ParseTemplateBehavior [ RunTime:0.021001s ]
INFO: [ view_parse ] --END-- [ RunTime:0.021001s ]
INFO: [ view_filter ] --START--
INFO: Run Behavior\WriteHtmlCacheBehavior [ RunTime:0.001000s ]
INFO: [ view_filter ] --END-- [ RunTime:0.001000s ]
INFO: [ app_end ] --START--
INFO: Run Behavior\ShowPageTraceBehavior [ RunTime:0.001001s ]
INFO: [ app_end ] --END-- [ RunTime:0.001001s ]

[ 2018-05-30T17:41:46+08:00 ] 192.168.31.108 /index.php?m=Index&c=Index&a=index
INFO: [ app_init ] --START--
INFO: Run Behavior\BuildLiteBehavior [ RunTime:0.000000s ]
INFO: [ app_init ] --END-- [ RunTime:0.001000s ]
INFO: [ app_begin ] --START--
INFO: Run Behavior\ReadHtmlCacheBehavior [ RunTime:0.001000s ]
INFO: [ app_begin ] --END-- [ RunTime:0.001000s ]
NOTIC: [8] A session had already been started - ignoring session_start() D:\project\web_new_world_php\World\Index\Controller\CommonController.class.php 第 10 行.
SQL: SHOW COLUMNS FROM `u_user` [ RunTime:0.0100s ]
SQL: SHOW COLUMNS FROM `u_donation` [ RunTime:0.0090s ]
SQL: SHOW COLUMNS FROM `s_proposal_type` [ RunTime:0.0080s ]
SQL: SELECT `user_havecoin`,`user_outcoin`,`user_outmoney`,`user_name`,`user_icon` FROM `u_user` ORDER BY user_havecoin desc LIMIT 0,6   [ RunTime:0.0010s ]
SQL: SELECT `user_havecoin`,`user_outcoin`,`user_outmoney`,`user_name`,`user_icon` FROM `u_user` ORDER BY user_outcoin desc LIMIT 0,6   [ RunTime:0.0010s ]
SQL: SELECT `user_havecoin`,`user_outcoin`,`user_outmoney`,`user_name`,`user_icon` FROM `u_user` ORDER BY user_outmoney desc LIMIT 0,6   [ RunTime:0.0010s ]
SQL: SELECT `donation_money`,`donation_coin`,`donation_paytime`,`user_name` FROM `u_donation` INNER  JOIN u_user u on u_donation.donation_uid = u.user_id  WHERE ( donation_ispay = 1 ) ORDER BY donation_paytime desc LIMIT 0,7   [ RunTime:0.0010s ]
SQL: SELECT * FROM `s_proposal_type`  [ RunTime:0.0000s ]
INFO: [ view_parse ] --START--
INFO: [ template_filter ] --START--
INFO: Run Behavior\ContentReplaceBehavior [ RunTime:0.000000s ]
INFO: [ template_filter ] --END-- [ RunTime:0.000000s ]
INFO: Run Behavior\ParseTemplateBehavior [ RunTime:0.015001s ]
INFO: [ view_parse ] --END-- [ RunTime:0.015001s ]
INFO: [ view_filter ] --START--
INFO: Run Behavior\WriteHtmlCacheBehavior [ RunTime:0.001000s ]
INFO: [ view_filter ] --END-- [ RunTime:0.001000s ]
INFO: [ app_end ] --START--
INFO: Run Behavior\ShowPageTraceBehavior [ RunTime:0.001000s ]
INFO: [ app_end ] --END-- [ RunTime:0.001000s ]

[ 2018-05-30T17:41:51+08:00 ] 192.168.31.108 /index.php?m=Index&c=Login&a=login
INFO: [ app_init ] --START--
INFO: Run Behavior\BuildLiteBehavior [ RunTime:0.000000s ]
INFO: [ app_init ] --END-- [ RunTime:0.000000s ]
INFO: [ app_begin ] --START--
INFO: Run Behavior\ReadHtmlCacheBehavior [ RunTime:0.001000s ]
INFO: [ app_begin ] --END-- [ RunTime:0.001000s ]
NOTIC: [8] A session had already been started - ignoring session_start() D:\project\web_new_world_php\World\Index\Controller\CommonController.class.php 第 10 行.
INFO: [ view_parse ] --START--
INFO: [ template_filter ] --START--
INFO: Run Behavior\ContentReplaceBehavior [ RunTime:0.000000s ]
INFO: [ template_filter ] --END-- [ RunTime:0.000000s ]
INFO: Run Behavior\ParseTemplateBehavior [ RunTime:0.008001s ]
INFO: [ view_parse ] --END-- [ RunTime:0.008001s ]
INFO: [ view_filter ] --START--
INFO: Run Behavior\WriteHtmlCacheBehavior [ RunTime:0.001000s ]
INFO: [ view_filter ] --END-- [ RunTime:0.001000s ]
INFO: [ app_end ] --START--
INFO: Run Behavior\ShowPageTraceBehavior [ RunTime:0.001000s ]
INFO: [ app_end ] --END-- [ RunTime:0.001000s ]

[ 2018-05-30T17:41:57+08:00 ] 192.168.31.108 /index.php?m=Index&c=Index&a=HonoraryEdition
INFO: [ app_init ] --START--
INFO: Run Behavior\BuildLiteBehavior [ RunTime:0.000000s ]
INFO: [ app_init ] --END-- [ RunTime:0.001000s ]
INFO: [ app_begin ] --START--
INFO: Run Behavior\ReadHtmlCacheBehavior [ RunTime:0.001000s ]
INFO: [ app_begin ] --END-- [ RunTime:0.001000s ]
NOTIC: [8] A session had already been started - ignoring session_start() D:\project\web_new_world_php\World\Index\Controller\CommonController.class.php 第 10 行.
SQL: SHOW COLUMNS FROM `u_user` [ RunTime:0.0070s ]
SQL: SELECT `user_havecoin`,`user_outcoin`,`user_outmoney`,`user_name`,`user_icon` FROM `u_user` ORDER BY user_havecoin desc LIMIT 0,10   [ RunTime:0.0000s ]
SQL: SELECT count(*) num FROM `u_user` LIMIT 1   [ RunTime:0.0000s ]
INFO: [ view_parse ] --START--
INFO: [ template_filter ] --START--
INFO: Run Behavior\ContentReplaceBehavior [ RunTime:0.000000s ]
INFO: [ template_filter ] --END-- [ RunTime:0.000000s ]
INFO: Run Behavior\ParseTemplateBehavior [ RunTime:0.023001s ]
INFO: [ view_parse ] --END-- [ RunTime:0.023001s ]
INFO: [ view_filter ] --START--
INFO: Run Behavior\WriteHtmlCacheBehavior [ RunTime:0.001000s ]
INFO: [ view_filter ] --END-- [ RunTime:0.001000s ]
INFO: [ app_end ] --START--
INFO: Run Behavior\ShowPageTraceBehavior [ RunTime:0.001000s ]
INFO: [ app_end ] --END-- [ RunTime:0.001000s ]

[ 2018-05-30T17:41:58+08:00 ] 192.168.31.108 /index.php?m=Index&c=Ajax&a=ajax_honorlist
INFO: [ app_init ] --START--
INFO: Run Behavior\BuildLiteBehavior [ RunTime:0.000000s ]
INFO: [ app_init ] --END-- [ RunTime:0.001001s ]
INFO: [ app_begin ] --START--
INFO: Run Behavior\ReadHtmlCacheBehavior [ RunTime:0.001000s ]
INFO: [ app_begin ] --END-- [ RunTime:0.001000s ]
NOTIC: [8] A session had already been started - ignoring session_start() D:\project\web_new_world_php\World\Index\Controller\CommonController.class.php 第 10 行.
SQL: SHOW COLUMNS FROM `u_user` [ RunTime:0.0070s ]
SQL: SELECT `user_havecoin`,`user_outcoin`,`user_outmoney`,`user_name`,`user_icon` FROM `u_user` ORDER BY user_havecoin desc LIMIT 0,10   [ RunTime:0.0000s ]

[ 2018-05-30T17:42:05+08:00 ] 192.168.31.108 /index.php?m=Index&c=Ajax&a=ajax_honorlist
INFO: [ app_init ] --START--
INFO: Run Behavior\BuildLiteBehavior [ RunTime:0.000000s ]
INFO: [ app_init ] --END-- [ RunTime:0.001000s ]
INFO: [ app_begin ] --START--
INFO: Run Behavior\ReadHtmlCacheBehavior [ RunTime:0.001000s ]
INFO: [ app_begin ] --END-- [ RunTime:0.001000s ]
NOTIC: [8] A session had already been started - ignoring session_start() D:\project\web_new_world_php\World\Index\Controller\CommonController.class.php 第 10 行.
SQL: SHOW COLUMNS FROM `u_user` [ RunTime:0.0090s ]
SQL: SELECT `user_havecoin`,`user_outcoin`,`user_outmoney`,`user_name`,`user_icon` FROM `u_user` ORDER BY user_havecoin desc LIMIT 0,20   [ RunTime:0.0010s ]

[ 2018-05-30T17:42:09+08:00 ] 192.168.31.108 /index.php?m=Index&c=Ajax&a=ajax_honorlist
INFO: [ app_init ] --START--
INFO: Run Behavior\BuildLiteBehavior [ RunTime:0.000000s ]
INFO: [ app_init ] --END-- [ RunTime:0.001000s ]
INFO: [ app_begin ] --START--
INFO: Run Behavior\ReadHtmlCacheBehavior [ RunTime:0.001000s ]
INFO: [ app_begin ] --END-- [ RunTime:0.001000s ]
NOTIC: [8] A session had already been started - ignoring session_start() D:\project\web_new_world_php\World\Index\Controller\CommonController.class.php 第 10 行.
SQL: SHOW COLUMNS FROM `u_user` [ RunTime:0.0070s ]
SQL: SELECT `user_havecoin`,`user_outcoin`,`user_outmoney`,`user_name`,`user_icon` FROM `u_user` ORDER BY user_outcoin desc LIMIT 0,10   [ RunTime:0.0000s ]

[ 2018-05-30T17:42:09+08:00 ] 192.168.31.108 /index.php?m=Index&c=Ajax&a=ajax_honorlist
INFO: [ app_init ] --START--
INFO: Run Behavior\BuildLiteBehavior [ RunTime:0.000000s ]
INFO: [ app_init ] --END-- [ RunTime:0.000000s ]
INFO: [ app_begin ] --START--
INFO: Run Behavior\ReadHtmlCacheBehavior [ RunTime:0.001000s ]
INFO: [ app_begin ] --END-- [ RunTime:0.001000s ]
NOTIC: [8] A session had already been started - ignoring session_start() D:\project\web_new_world_php\World\Index\Controller\CommonController.class.php 第 10 行.
SQL: SHOW COLUMNS FROM `u_user` [ RunTime:0.0080s ]
SQL: SELECT `user_havecoin`,`user_outcoin`,`user_outmoney`,`user_name`,`user_icon` FROM `u_user` ORDER BY user_outmoney desc LIMIT 0,10   [ RunTime:0.0010s ]

[ 2018-05-30T17:42:10+08:00 ] 192.168.31.108 /index.php?m=Index&c=Ajax&a=ajax_honorlist
INFO: [ app_init ] --START--
INFO: Run Behavior\BuildLiteBehavior [ RunTime:0.000000s ]
INFO: [ app_init ] --END-- [ RunTime:0.001000s ]
INFO: [ app_begin ] --START--
INFO: Run Behavior\ReadHtmlCacheBehavior [ RunTime:0.001001s ]
INFO: [ app_begin ] --END-- [ RunTime:0.001001s ]
NOTIC: [8] A session had already been started - ignoring session_start() D:\project\web_new_world_php\World\Index\Controller\CommonController.class.php 第 10 行.
SQL: SHOW COLUMNS FROM `u_user` [ RunTime:0.0110s ]
SQL: SELECT `user_havecoin`,`user_outcoin`,`user_outmoney`,`user_name`,`user_icon` FROM `u_user` ORDER BY user_havecoin desc LIMIT 0,10   [ RunTime:0.0010s ]

[ 2018-05-30T17:42:11+08:00 ] 192.168.31.108 /index.html
INFO: [ app_init ] --START--
INFO: Run Behavior\BuildLiteBehavior [ RunTime:0.000000s ]
INFO: [ app_init ] --END-- [ RunTime:0.001001s ]
INFO: [ app_begin ] --START--
INFO: Run Behavior\ReadHtmlCacheBehavior [ RunTime:0.001000s ]
INFO: [ app_begin ] --END-- [ RunTime:0.001000s ]
NOTIC: [8] A session had already been started - ignoring session_start() D:\project\web_new_world_php\World\Index\Controller\CommonController.class.php 第 10 行.
SQL: SHOW COLUMNS FROM `u_user` [ RunTime:0.0070s ]
SQL: SHOW COLUMNS FROM `u_donation` [ RunTime:0.0070s ]
SQL: SHOW COLUMNS FROM `s_proposal_type` [ RunTime:0.0060s ]
SQL: SELECT `user_havecoin`,`user_outcoin`,`user_outmoney`,`user_name`,`user_icon` FROM `u_user` ORDER BY user_havecoin desc LIMIT 0,6   [ RunTime:0.0000s ]
SQL: SELECT `user_havecoin`,`user_outcoin`,`user_outmoney`,`user_name`,`user_icon` FROM `u_user` ORDER BY user_outcoin desc LIMIT 0,6   [ RunTime:0.0010s ]
SQL: SELECT `user_havecoin`,`user_outcoin`,`user_outmoney`,`user_name`,`user_icon` FROM `u_user` ORDER BY user_outmoney desc LIMIT 0,6   [ RunTime:0.0010s ]
SQL: SELECT `donation_money`,`donation_coin`,`donation_paytime`,`user_name` FROM `u_donation` INNER  JOIN u_user u on u_donation.donation_uid = u.user_id  WHERE ( donation_ispay = 1 ) ORDER BY donation_paytime desc LIMIT 0,7   [ RunTime:0.0010s ]
SQL: SELECT * FROM `s_proposal_type`  [ RunTime:0.0010s ]
INFO: [ view_parse ] --START--
INFO: [ template_filter ] --START--
INFO: Run Behavior\ContentReplaceBehavior [ RunTime:0.000000s ]
INFO: [ template_filter ] --END-- [ RunTime:0.000000s ]
INFO: Run Behavior\ParseTemplateBehavior [ RunTime:0.014001s ]
INFO: [ view_parse ] --END-- [ RunTime:0.014001s ]
INFO: [ view_filter ] --START--
INFO: Run Behavior\WriteHtmlCacheBehavior [ RunTime:0.001000s ]
INFO: [ view_filter ] --END-- [ RunTime:0.001000s ]
INFO: [ app_end ] --START--
INFO: Run Behavior\ShowPageTraceBehavior [ RunTime:0.001000s ]
INFO: [ app_end ] --END-- [ RunTime:0.001000s ]

[ 2018-05-30T17:42:21+08:00 ] 192.168.31.108 /index.php?m=Index&c=Academic&a=academic
INFO: [ app_init ] --START--
INFO: Run Behavior\BuildLiteBehavior [ RunTime:0.000000s ]
INFO: [ app_init ] --END-- [ RunTime:0.001000s ]
INFO: [ app_begin ] --START--
INFO: Run Behavior\ReadHtmlCacheBehavior [ RunTime:0.001000s ]
INFO: [ app_begin ] --END-- [ RunTime:0.001000s ]
NOTIC: [8] A session had already been started - ignoring session_start() D:\project\web_new_world_php\World\Index\Controller\CommonController.class.php 第 10 行.
SQL: SHOW COLUMNS FROM `s_first_mark` [ RunTime:0.0060s ]
SQL: SHOW COLUMNS FROM `s_second_mark` [ RunTime:0.0070s ]
SQL: SHOW COLUMNS FROM `u_crowd` [ RunTime:0.0070s ]
SQL: SELECT * FROM `s_first_mark` WHERE ( first_mark_mid = 3 and first_mark_type = 1 ) ORDER BY firsth_mark_sort  [ RunTime:0.0000s ]
SQL: SELECT * FROM `s_second_mark` WHERE ( second_mark_fid = 4 ) ORDER BY second_mark_sort  [ RunTime:0.0000s ]
SQL: SELECT * FROM `s_second_mark` WHERE ( second_mark_fid = 5 ) ORDER BY second_mark_sort  [ RunTime:0.0010s ]
SQL: SELECT * FROM `s_second_mark` WHERE ( second_mark_fid = 6 ) ORDER BY second_mark_sort  [ RunTime:0.0010s ]
SQL: SELECT * FROM `s_second_mark` WHERE ( second_mark_fid = 7 ) ORDER BY second_mark_sort  [ RunTime:0.0000s ]
SQL: SELECT u.user_name,u_crowd.* FROM `u_crowd` INNER JOIN u_user u on u_crowd.crowd_uid = u.user_id  WHERE ( crowd_mid = 3 ) ORDER BY crowd_creattime desc LIMIT 0,10   [ RunTime:0.0070s ]
SQL: SELECT count(*) num FROM `u_crowd` WHERE ( crowd_mid = 3 ) LIMIT 1   [ RunTime:0.0000s ]
INFO: [ view_parse ] --START--
INFO: [ template_filter ] --START--
INFO: Run Behavior\ContentReplaceBehavior [ RunTime:0.000000s ]
INFO: [ template_filter ] --END-- [ RunTime:0.000000s ]
INFO: Run Behavior\ParseTemplateBehavior [ RunTime:0.040002s ]
INFO: [ view_parse ] --END-- [ RunTime:0.040002s ]
INFO: [ view_filter ] --START--
INFO: Run Behavior\WriteHtmlCacheBehavior [ RunTime:0.001001s ]
INFO: [ view_filter ] --END-- [ RunTime:0.001001s ]
INFO: [ app_end ] --START--
INFO: Run Behavior\ShowPageTraceBehavior [ RunTime:0.001000s ]
INFO: [ app_end ] --END-- [ RunTime:0.001000s ]

[ 2018-05-30T17:42:25+08:00 ] 192.168.31.108 /index.php?m=Index&c=Academic&a=academicGroups&cid=11
INFO: [ app_init ] --START--
INFO: Run Behavior\BuildLiteBehavior [ RunTime:0.000000s ]
INFO: [ app_init ] --END-- [ RunTime:0.001000s ]
INFO: [ app_begin ] --START--
INFO: Run Behavior\ReadHtmlCacheBehavior [ RunTime:0.001000s ]
INFO: [ app_begin ] --END-- [ RunTime:0.001000s ]
NOTIC: [8] A session had already been started - ignoring session_start() D:\project\web_new_world_php\World\Index\Controller\CommonController.class.php 第 10 行.
INFO: [ view_parse ] --START--
INFO: [ template_filter ] --START--
INFO: Run Behavior\ContentReplaceBehavior [ RunTime:0.000000s ]
INFO: [ template_filter ] --END-- [ RunTime:0.000000s ]
INFO: Run Behavior\ParseTemplateBehavior [ RunTime:0.035002s ]
INFO: [ view_parse ] --END-- [ RunTime:0.035002s ]
INFO: [ view_filter ] --START--
INFO: Run Behavior\WriteHtmlCacheBehavior [ RunTime:0.001000s ]
INFO: [ view_filter ] --END-- [ RunTime:0.001000s ]
INFO: [ app_end ] --START--
INFO: Run Behavior\ShowPageTraceBehavior [ RunTime:0.001000s ]
INFO: [ app_end ] --END-- [ RunTime:0.001000s ]

[ 2018-05-30T17:42:30+08:00 ] 192.168.31.108 /index.php?m=Index&c=Academic&a=questionAnswerDetails
INFO: [ app_init ] --START--
INFO: Run Behavior\BuildLiteBehavior [ RunTime:0.000000s ]
INFO: [ app_init ] --END-- [ RunTime:0.001001s ]
INFO: [ app_begin ] --START--
INFO: Run Behavior\ReadHtmlCacheBehavior [ RunTime:0.001000s ]
INFO: [ app_begin ] --END-- [ RunTime:0.001000s ]
NOTIC: [8] A session had already been started - ignoring session_start() D:\project\web_new_world_php\World\Index\Controller\CommonController.class.php 第 10 行.
INFO: [ view_parse ] --START--
INFO: [ template_filter ] --START--
INFO: Run Behavior\ContentReplaceBehavior [ RunTime:0.000000s ]
INFO: [ template_filter ] --END-- [ RunTime:0.000000s ]
INFO: Run Behavior\ParseTemplateBehavior [ RunTime:0.018001s ]
INFO: [ view_parse ] --END-- [ RunTime:0.018001s ]
INFO: [ view_filter ] --START--
INFO: Run Behavior\WriteHtmlCacheBehavior [ RunTime:0.001000s ]
INFO: [ view_filter ] --END-- [ RunTime:0.001000s ]
INFO: [ app_end ] --START--
INFO: Run Behavior\ShowPageTraceBehavior [ RunTime:0.001000s ]
INFO: [ app_end ] --END-- [ RunTime:0.001000s ]

[ 2018-05-30T17:42:35+08:00 ] 192.168.31.108 /index.php?m=Index&c=Academic&a=academic
INFO: [ app_init ] --START--
INFO: Run Behavior\BuildLiteBehavior [ RunTime:0.000000s ]
INFO: [ app_init ] --END-- [ RunTime:0.000000s ]
INFO: [ app_begin ] --START--
INFO: Run Behavior\ReadHtmlCacheBehavior [ RunTime:0.001000s ]
INFO: [ app_begin ] --END-- [ RunTime:0.001000s ]
NOTIC: [8] A session had already been started - ignoring session_start() D:\project\web_new_world_php\World\Index\Controller\CommonController.class.php 第 10 行.
SQL: SHOW COLUMNS FROM `s_first_mark` [ RunTime:0.0070s ]
SQL: SHOW COLUMNS FROM `s_second_mark` [ RunTime:0.0060s ]
SQL: SHOW COLUMNS FROM `u_crowd` [ RunTime:0.0070s ]
SQL: SELECT * FROM `s_first_mark` WHERE ( first_mark_mid = 3 and first_mark_type = 1 ) ORDER BY firsth_mark_sort  [ RunTime:0.0010s ]
SQL: SELECT * FROM `s_second_mark` WHERE ( second_mark_fid = 4 ) ORDER BY second_mark_sort  [ RunTime:0.0010s ]
SQL: SELECT * FROM `s_second_mark` WHERE ( second_mark_fid = 5 ) ORDER BY second_mark_sort  [ RunTime:0.0000s ]
SQL: SELECT * FROM `s_second_mark` WHERE ( second_mark_fid = 6 ) ORDER BY second_mark_sort  [ RunTime:0.0000s ]
SQL: SELECT * FROM `s_second_mark` WHERE ( second_mark_fid = 7 ) ORDER BY second_mark_sort  [ RunTime:0.0010s ]
SQL: SELECT u.user_name,u_crowd.* FROM `u_crowd` INNER JOIN u_user u on u_crowd.crowd_uid = u.user_id  WHERE ( crowd_mid = 3 ) ORDER BY crowd_creattime desc LIMIT 0,10   [ RunTime:0.0060s ]
SQL: SELECT count(*) num FROM `u_crowd` WHERE ( crowd_mid = 3 ) LIMIT 1   [ RunTime:0.0010s ]
INFO: [ view_parse ] --START--
INFO: [ template_filter ] --START--
INFO: Run Behavior\ContentReplaceBehavior [ RunTime:0.000000s ]
INFO: [ template_filter ] --END-- [ RunTime:0.000000s ]
INFO: Run Behavior\ParseTemplateBehavior [ RunTime:0.012000s ]
INFO: [ view_parse ] --END-- [ RunTime:0.012000s ]
INFO: [ view_filter ] --START--
INFO: Run Behavior\WriteHtmlCacheBehavior [ RunTime:0.001000s ]
INFO: [ view_filter ] --END-- [ RunTime:0.001000s ]
INFO: [ app_end ] --START--
INFO: Run Behavior\ShowPageTraceBehavior [ RunTime:0.001000s ]
INFO: [ app_end ] --END-- [ RunTime:0.001000s ]

[ 2018-05-30T17:42:39+08:00 ] 192.168.31.108 /index.php?m=Index&c=Jobs&a=work
INFO: [ app_init ] --START--
INFO: Run Behavior\BuildLiteBehavior [ RunTime:0.000000s ]
INFO: [ app_init ] --END-- [ RunTime:0.001000s ]
INFO: [ app_begin ] --START--
INFO: Run Behavior\ReadHtmlCacheBehavior [ RunTime:0.002000s ]
INFO: [ app_begin ] --END-- [ RunTime:0.002000s ]
NOTIC: [8] A session had already been started - ignoring session_start() D:\project\web_new_world_php\World\Index\Controller\CommonController.class.php 第 10 行.
SQL: SHOW COLUMNS FROM `s_first_mark` [ RunTime:0.0090s ]
SQL: SHOW COLUMNS FROM `s_second_mark` [ RunTime:0.0090s ]
SQL: SHOW COLUMNS FROM `u_crowd` [ RunTime:0.0090s ]
SQL: SELECT * FROM `s_first_mark` WHERE ( first_mark_mid = 4 and first_mark_type = 1 ) ORDER BY firsth_mark_sort  [ RunTime:0.0010s ]
SQL: SELECT u.user_name,u_crowd.* FROM `u_crowd` INNER JOIN u_user u on u_crowd.crowd_uid = u.user_id  WHERE ( crowd_mid = 4 ) ORDER BY crowd_creattime desc LIMIT 0,10   [ RunTime:0.0070s ]
SQL: SELECT count(*) num FROM `u_crowd` WHERE ( crowd_mid = 4 ) LIMIT 1   [ RunTime:0.0000s ]
INFO: [ view_parse ] --START--
INFO: [ template_filter ] --START--
INFO: Run Behavior\ContentReplaceBehavior [ RunTime:0.000000s ]
INFO: [ template_filter ] --END-- [ RunTime:0.000000s ]
INFO: Run Behavior\ParseTemplateBehavior [ RunTime:0.058004s ]
INFO: [ view_parse ] --END-- [ RunTime:0.058004s ]
INFO: [ view_filter ] --START--
INFO: Run Behavior\WriteHtmlCacheBehavior [ RunTime:0.001000s ]
INFO: [ view_filter ] --END-- [ RunTime:0.001000s ]
INFO: [ app_end ] --START--
INFO: Run Behavior\ShowPageTraceBehavior [ RunTime:0.002000s ]
INFO: [ app_end ] --END-- [ RunTime:0.002000s ]

[ 2018-05-30T17:42:40+08:00 ] 192.168.31.108 /index.php?m=Index&c=Jobs&a=work
INFO: [ app_init ] --START--
INFO: Run Behavior\BuildLiteBehavior [ RunTime:0.000000s ]
INFO: [ app_init ] --END-- [ RunTime:0.001000s ]
INFO: [ app_begin ] --START--
INFO: Run Behavior\ReadHtmlCacheBehavior [ RunTime:0.001000s ]
INFO: [ app_begin ] --END-- [ RunTime:0.001000s ]
NOTIC: [8] A session had already been started - ignoring session_start() D:\project\web_new_world_php\World\Index\Controller\CommonController.class.php 第 10 行.
SQL: SHOW COLUMNS FROM `s_first_mark` [ RunTime:0.0090s ]
SQL: SHOW COLUMNS FROM `s_second_mark` [ RunTime:0.0060s ]
SQL: SHOW COLUMNS FROM `u_crowd` [ RunTime:0.0070s ]
SQL: SELECT * FROM `s_first_mark` WHERE ( first_mark_mid = 4 and first_mark_type = 1 ) ORDER BY firsth_mark_sort  [ RunTime:0.0010s ]
SQL: SELECT u.user_name,u_crowd.* FROM `u_crowd` INNER JOIN u_user u on u_crowd.crowd_uid = u.user_id  WHERE ( crowd_mid = 4 ) ORDER BY crowd_creattime desc LIMIT 0,10   [ RunTime:0.0050s ]
SQL: SELECT count(*) num FROM `u_crowd` WHERE ( crowd_mid = 4 ) LIMIT 1   [ RunTime:0.0010s ]
INFO: [ view_parse ] --START--
INFO: [ template_filter ] --START--
INFO: Run Behavior\ContentReplaceBehavior [ RunTime:0.000000s ]
INFO: [ template_filter ] --END-- [ RunTime:0.000000s ]
INFO: Run Behavior\ParseTemplateBehavior [ RunTime:0.011000s ]
INFO: [ view_parse ] --END-- [ RunTime:0.011000s ]
INFO: [ view_filter ] --START--
INFO: Run Behavior\WriteHtmlCacheBehavior [ RunTime:0.000000s ]
INFO: [ view_filter ] --END-- [ RunTime:0.000000s ]
INFO: [ app_end ] --START--
INFO: Run Behavior\ShowPageTraceBehavior [ RunTime:0.001000s ]
INFO: [ app_end ] --END-- [ RunTime:0.001000s ]

[ 2018-05-30T17:42:42+08:00 ] 192.168.31.108 /index.php?m=Index&c=Jobs&a=groupDetails
INFO: [ app_init ] --START--
INFO: Run Behavior\BuildLiteBehavior [ RunTime:0.000000s ]
INFO: [ app_init ] --END-- [ RunTime:0.000000s ]
INFO: [ app_begin ] --START--
INFO: Run Behavior\ReadHtmlCacheBehavior [ RunTime:0.001000s ]
INFO: [ app_begin ] --END-- [ RunTime:0.001000s ]
NOTIC: [8] A session had already been started - ignoring session_start() D:\project\web_new_world_php\World\Index\Controller\CommonController.class.php 第 10 行.
INFO: [ view_parse ] --START--
INFO: [ template_filter ] --START--
INFO: Run Behavior\ContentReplaceBehavior [ RunTime:0.000000s ]
INFO: [ template_filter ] --END-- [ RunTime:0.000000s ]
INFO: Run Behavior\ParseTemplateBehavior [ RunTime:0.042002s ]
INFO: [ view_parse ] --END-- [ RunTime:0.042002s ]
INFO: [ view_filter ] --START--
INFO: Run Behavior\WriteHtmlCacheBehavior [ RunTime:0.000000s ]
INFO: [ view_filter ] --END-- [ RunTime:0.000000s ]
INFO: [ app_end ] --START--
INFO: Run Behavior\ShowPageTraceBehavior [ RunTime:0.001000s ]
INFO: [ app_end ] --END-- [ RunTime:0.001000s ]

[ 2018-05-30T17:42:44+08:00 ] 192.168.31.108 /index.php?m=Index&c=Jobs&a=stickSonDetails
INFO: [ app_init ] --START--
INFO: Run Behavior\BuildLiteBehavior [ RunTime:0.000000s ]
INFO: [ app_init ] --END-- [ RunTime:0.001000s ]
INFO: [ app_begin ] --START--
INFO: Run Behavior\ReadHtmlCacheBehavior [ RunTime:0.001000s ]
INFO: [ app_begin ] --END-- [ RunTime:0.001000s ]
NOTIC: [8] A session had already been started - ignoring session_start() D:\project\web_new_world_php\World\Index\Controller\CommonController.class.php 第 10 行.
INFO: [ view_parse ] --START--
INFO: [ template_filter ] --START--
INFO: Run Behavior\ContentReplaceBehavior [ RunTime:0.000000s ]
INFO: [ template_filter ] --END-- [ RunTime:0.000000s ]
INFO: Run Behavior\ParseTemplateBehavior [ RunTime:0.034002s ]
INFO: [ view_parse ] --END-- [ RunTime:0.034002s ]
INFO: [ view_filter ] --START--
INFO: Run Behavior\WriteHtmlCacheBehavior [ RunTime:0.001000s ]
INFO: [ view_filter ] --END-- [ RunTime:0.001000s ]
INFO: [ app_end ] --START--
INFO: Run Behavior\ShowPageTraceBehavior [ RunTime:0.001000s ]
INFO: [ app_end ] --END-- [ RunTime:0.001000s ]

[ 2018-05-30T17:42:56+08:00 ] 192.168.31.108 /index.php?m=Index&c=Jobs&a=groupDetailsRelease
INFO: [ app_init ] --START--
INFO: Run Behavior\BuildLiteBehavior [ RunTime:0.000000s ]
INFO: [ app_init ] --END-- [ RunTime:0.001000s ]
INFO: [ app_begin ] --START--
INFO: Run Behavior\ReadHtmlCacheBehavior [ RunTime:0.001000s ]
INFO: [ app_begin ] --END-- [ RunTime:0.001000s ]
NOTIC: [8] A session had already been started - ignoring session_start() D:\project\web_new_world_php\World\Index\Controller\CommonController.class.php 第 10 行.
INFO: [ view_parse ] --START--
INFO: [ template_filter ] --START--
INFO: Run Behavior\ContentReplaceBehavior [ RunTime:0.000000s ]
INFO: [ template_filter ] --END-- [ RunTime:0.000000s ]
INFO: Run Behavior\ParseTemplateBehavior [ RunTime:0.066004s ]
INFO: [ view_parse ] --END-- [ RunTime:0.066004s ]
INFO: [ view_filter ] --START--
INFO: Run Behavior\WriteHtmlCacheBehavior [ RunTime:0.001000s ]
INFO: [ view_filter ] --END-- [ RunTime:0.002000s ]
INFO: [ app_end ] --START--
INFO: Run Behavior\ShowPageTraceBehavior [ RunTime:0.002000s ]
INFO: [ app_end ] --END-- [ RunTime:0.002000s ]

