[ 2018-05-24T09:16:32+08:00 ] 127.0.0.1 /
INFO: [ app_init ] --START--
INFO: Run Behavior\BuildLiteBehavior [ RunTime:0.000000s ]
INFO: [ app_init ] --END-- [ RunTime:0.001000s ]
INFO: [ app_begin ] --START--
INFO: Run Behavior\ReadHtmlCacheBehavior [ RunTime:0.001001s ]
INFO: [ app_begin ] --END-- [ RunTime:0.001001s ]
NOTIC: [8] A session had already been started - ignoring session_start() D:\project\web_new_world_php\World\Index\Controller\CommonController.class.php ç¬¬ 10 è¡Œ.
ERR: SQLSTATE[HY000] [2002] ÓÉÓÚÄ¿±ê¼ÆËã»ú»ý¼«¾Ü¾ø£¬ÎÞ·¨Á¬½Ó¡£


[ 2018-05-24T09:16:39+08:00 ] 127.0.0.1 /favicon.ico
INFO: [ app_init ] --START--
INFO: Run Behavior\BuildLiteBehavior [ RunTime:0.000000s ]
INFO: [ app_init ] --END-- [ RunTime:0.001000s ]

[ 2018-05-24T09:16:39+08:00 ] 127.0.0.1 /favicon.ico
INFO: [ app_init ] --START--
INFO: Run Behavior\BuildLiteBehavior [ RunTime:0.000000s ]
INFO: [ app_init ] --END-- [ RunTime:0.001000s ]

[ 2018-05-24T09:16:44+08:00 ] 127.0.0.1 /
INFO: [ app_init ] --START--
INFO: Run Behavior\BuildLiteBehavior [ RunTime:0.000000s ]
INFO: [ app_init ] --END-- [ RunTime:0.001000s ]
INFO: [ app_begin ] --START--
INFO: Run Behavior\ReadHtmlCacheBehavior [ RunTime:0.000000s ]
INFO: [ app_begin ] --END-- [ RunTime:0.000000s ]
NOTIC: [8] A session had already been started - ignoring session_start() D:\project\web_new_world_php\World\Index\Controller\CommonController.class.php ç¬¬ 10 è¡Œ.
SQL: SHOW COLUMNS FROM `u_user` [ RunTime:0.1210s ]
SQL: SHOW COLUMNS FROM `u_donation` [ RunTime:0.2100s ]
SQL: SHOW COLUMNS FROM `s_proposal_type` [ RunTime:0.4440s ]
SQL: SELECT `user_havecoin`,`user_outcoin`,`user_outmoney`,`user_name`,`user_icon` FROM `u_user` ORDER BY user_havecoin desc LIMIT 0,6   [ RunTime:0.0010s ]
SQL: SELECT `user_havecoin`,`user_outcoin`,`user_outmoney`,`user_name`,`user_icon` FROM `u_user` ORDER BY user_outcoin desc LIMIT 0,6   [ RunTime:0.0000s ]
SQL: SELECT `user_havecoin`,`user_outcoin`,`user_outmoney`,`user_name`,`user_icon` FROM `u_user` ORDER BY user_outmoney desc LIMIT 0,6   [ RunTime:0.0000s ]
SQL: SELECT `donation_money`,`donation_coin`,`donation_paytime`,`user_name` FROM `u_donation` INNER  JOIN u_user u on u_donation.donation_uid = u.user_id  WHERE ( donation_ispay = 1 ) ORDER BY donation_paytime desc LIMIT 0,7   [ RunTime:0.0010s ]
SQL: SELECT * FROM `s_proposal_type`  [ RunTime:0.0000s ]
INFO: [ view_parse ] --START--
INFO: [ template_filter ] --START--
INFO: Run Behavior\ContentReplaceBehavior [ RunTime:0.000000s ]
INFO: [ template_filter ] --END-- [ RunTime:0.001001s ]
INFO: Run Behavior\ParseTemplateBehavior [ RunTime:0.247014s ]
INFO: [ view_parse ] --END-- [ RunTime:0.247014s ]
INFO: [ view_filter ] --START--
INFO: Run Behavior\WriteHtmlCacheBehavior [ RunTime:0.000000s ]
INFO: [ view_filter ] --END-- [ RunTime:0.000000s ]
INFO: [ app_end ] --START--
INFO: Run Behavior\ShowPageTraceBehavior [ RunTime:0.001000s ]
INFO: [ app_end ] --END-- [ RunTime:0.001000s ]

[ 2018-05-24T09:16:47+08:00 ] 127.0.0.1 /index.php?m=Index&c=Jobs&a=work
INFO: [ app_init ] --START--
INFO: Run Behavior\BuildLiteBehavior [ RunTime:0.000000s ]
INFO: [ app_init ] --END-- [ RunTime:0.000000s ]
INFO: [ app_begin ] --START--
INFO: Run Behavior\ReadHtmlCacheBehavior [ RunTime:0.001000s ]
INFO: [ app_begin ] --END-- [ RunTime:0.001000s ]
NOTIC: [8] A session had already been started - ignoring session_start() D:\project\web_new_world_php\World\Index\Controller\CommonController.class.php ç¬¬ 10 è¡Œ.
SQL: SHOW COLUMNS FROM `s_first_mark` [ RunTime:0.0420s ]
SQL: SHOW COLUMNS FROM `s_second_mark` [ RunTime:0.0300s ]
SQL: SHOW COLUMNS FROM `u_crowd` [ RunTime:0.0430s ]
ERR: SQLSTATE[42000]: Syntax error or access violation: 1064 You have an error in your SQL syntax; check the manual that corresponds to your MySQL server version for the right syntax to use near 'first_mark_type = 1 ) ORDER BY firsth_mark_sort' at line 1

[ 2018-05-24T09:16:51+08:00 ] 127.0.0.1 /index.php?m=Index&c=Jobs&a=work
INFO: [ app_init ] --START--
INFO: Run Behavior\BuildLiteBehavior [ RunTime:0.000000s ]
INFO: [ app_init ] --END-- [ RunTime:0.001001s ]
INFO: [ app_begin ] --START--
INFO: Run Behavior\ReadHtmlCacheBehavior [ RunTime:0.000000s ]
INFO: [ app_begin ] --END-- [ RunTime:0.000000s ]
NOTIC: [8] A session had already been started - ignoring session_start() D:\project\web_new_world_php\World\Index\Controller\CommonController.class.php ç¬¬ 10 è¡Œ.
SQL: SHOW COLUMNS FROM `s_first_mark` [ RunTime:0.0150s ]
SQL: SHOW COLUMNS FROM `s_second_mark` [ RunTime:0.0140s ]
SQL: SHOW COLUMNS FROM `u_crowd` [ RunTime:0.0150s ]
ERR: SQLSTATE[42000]: Syntax error or access violation: 1064 You have an error in your SQL syntax; check the manual that corresponds to your MySQL server version for the right syntax to use near 'first_mark_type = 1 ) ORDER BY firsth_mark_sort' at line 1

[ 2018-05-24T09:17:09+08:00 ] 127.0.0.1 /index.php?m=Index&c=Rnterst&a=interest
INFO: [ app_init ] --START--
INFO: Run Behavior\BuildLiteBehavior [ RunTime:0.000000s ]
INFO: [ app_init ] --END-- [ RunTime:0.000000s ]
INFO: [ app_begin ] --START--
INFO: Run Behavior\ReadHtmlCacheBehavior [ RunTime:0.001000s ]
INFO: [ app_begin ] --END-- [ RunTime:0.001000s ]
NOTIC: [8] A session had already been started - ignoring session_start() D:\project\web_new_world_php\World\Index\Controller\CommonController.class.php ç¬¬ 10 è¡Œ.
SQL: SHOW COLUMNS FROM `s_first_mark` [ RunTime:0.0150s ]
SQL: SHOW COLUMNS FROM `s_second_mark` [ RunTime:0.0150s ]
SQL: SHOW COLUMNS FROM `u_crowd` [ RunTime:0.0160s ]
SQL: SELECT * FROM `s_first_mark` WHERE ( first_mark_mid = 2 and first_mark_type = 1 ) ORDER BY firsth_mark_sort  [ RunTime:0.0010s ]
SQL: SELECT * FROM `s_second_mark` WHERE ( second_mark_fid = 1 ) ORDER BY second_mark_sort  [ RunTime:0.0000s ]
SQL: SELECT * FROM `s_second_mark` WHERE ( second_mark_fid = 2 ) ORDER BY second_mark_sort  [ RunTime:0.0000s ]
SQL: SELECT * FROM `s_second_mark` WHERE ( second_mark_fid = 3 ) ORDER BY second_mark_sort  [ RunTime:0.0010s ]
SQL: SELECT u.user_name,u_crowd.* FROM `u_crowd` INNER JOIN u_user u on u_crowd.crowd_uid = u.user_id  WHERE ( crowd_mid = 2 ) ORDER BY crowd_creattime desc LIMIT 0,10   [ RunTime:0.0160s ]
SQL: SELECT count(*) num FROM `u_crowd` WHERE ( crowd_mid = 2 ) LIMIT 1   [ RunTime:0.0010s ]
INFO: [ view_parse ] --START--
INFO: [ template_filter ] --START--
INFO: Run Behavior\ContentReplaceBehavior [ RunTime:0.000000s ]
INFO: [ template_filter ] --END-- [ RunTime:0.001000s ]
INFO: Run Behavior\ParseTemplateBehavior [ RunTime:0.016001s ]
INFO: [ view_parse ] --END-- [ RunTime:0.016001s ]
INFO: [ view_filter ] --START--
INFO: Run Behavior\WriteHtmlCacheBehavior [ RunTime:0.000000s ]
INFO: [ view_filter ] --END-- [ RunTime:0.000000s ]
INFO: [ app_end ] --START--
INFO: Run Behavior\ShowPageTraceBehavior [ RunTime:0.001000s ]
INFO: [ app_end ] --END-- [ RunTime:0.001000s ]

[ 2018-05-24T09:17:11+08:00 ] 127.0.0.1 /index.php?m=Index&c=Academic&a=academic
INFO: [ app_init ] --START--
INFO: Run Behavior\BuildLiteBehavior [ RunTime:0.000000s ]
INFO: [ app_init ] --END-- [ RunTime:0.000000s ]
INFO: [ app_begin ] --START--
INFO: Run Behavior\ReadHtmlCacheBehavior [ RunTime:0.001000s ]
INFO: [ app_begin ] --END-- [ RunTime:0.001000s ]
NOTIC: [8] A session had already been started - ignoring session_start() D:\project\web_new_world_php\World\Index\Controller\CommonController.class.php ç¬¬ 10 è¡Œ.
SQL: SHOW COLUMNS FROM `s_first_mark` [ RunTime:0.0140s ]
SQL: SHOW COLUMNS FROM `s_second_mark` [ RunTime:0.0150s ]
SQL: SHOW COLUMNS FROM `u_crowd` [ RunTime:0.0120s ]
SQL: SELECT * FROM `s_first_mark` WHERE ( first_mark_mid = 3 and first_mark_type = 1 ) ORDER BY firsth_mark_sort  [ RunTime:0.0000s ]
SQL: SELECT * FROM `s_second_mark` WHERE ( second_mark_fid = 4 ) ORDER BY second_mark_sort  [ RunTime:0.0000s ]
SQL: SELECT * FROM `s_second_mark` WHERE ( second_mark_fid = 5 ) ORDER BY second_mark_sort  [ RunTime:0.0010s ]
SQL: SELECT * FROM `s_second_mark` WHERE ( second_mark_fid = 6 ) ORDER BY second_mark_sort  [ RunTime:0.0010s ]
SQL: SELECT * FROM `s_second_mark` WHERE ( second_mark_fid = 7 ) ORDER BY second_mark_sort  [ RunTime:0.0000s ]
SQL: SELECT u.user_name,u_crowd.* FROM `u_crowd` INNER JOIN u_user u on u_crowd.crowd_uid = u.user_id  WHERE ( crowd_mid = 3 ) ORDER BY crowd_creattime desc LIMIT 0,10   [ RunTime:0.0120s ]
SQL: SELECT count(*) num FROM `u_crowd` WHERE ( crowd_mid = 3 ) LIMIT 1   [ RunTime:0.0000s ]
INFO: [ view_parse ] --START--
INFO: [ template_filter ] --START--
INFO: Run Behavior\ContentReplaceBehavior [ RunTime:0.001000s ]
INFO: [ template_filter ] --END-- [ RunTime:0.001000s ]
INFO: Run Behavior\ParseTemplateBehavior [ RunTime:0.014001s ]
INFO: [ view_parse ] --END-- [ RunTime:0.014001s ]
INFO: [ view_filter ] --START--
INFO: Run Behavior\WriteHtmlCacheBehavior [ RunTime:0.001000s ]
INFO: [ view_filter ] --END-- [ RunTime:0.001000s ]
INFO: [ app_end ] --START--
INFO: Run Behavior\ShowPageTraceBehavior [ RunTime:0.001000s ]
INFO: [ app_end ] --END-- [ RunTime:0.001000s ]

[ 2018-05-24T09:17:41+08:00 ] 127.0.0.1 /index.php?m=Index&c=Jobs&a=work
INFO: [ app_init ] --START--
INFO: Run Behavior\BuildLiteBehavior [ RunTime:0.000000s ]
INFO: [ app_init ] --END-- [ RunTime:0.000000s ]
INFO: [ app_begin ] --START--
INFO: Run Behavior\ReadHtmlCacheBehavior [ RunTime:0.001000s ]
INFO: [ app_begin ] --END-- [ RunTime:0.001000s ]
NOTIC: [8] A session had already been started - ignoring session_start() D:\project\web_new_world_php\World\Index\Controller\CommonController.class.php ç¬¬ 10 è¡Œ.
SQL: SHOW COLUMNS FROM `s_first_mark` [ RunTime:0.0140s ]
SQL: SHOW COLUMNS FROM `s_second_mark` [ RunTime:0.0140s ]
SQL: SHOW COLUMNS FROM `u_crowd` [ RunTime:0.0150s ]
SQL: SELECT * FROM `s_first_mark` WHERE ( first_mark_mid = 4 and first_mark_type = 1 ) ORDER BY firsth_mark_sort  [ RunTime:0.0010s ]
SQL: SELECT u.user_name,u_crowd.* FROM `u_crowd` INNER JOIN u_user u on u_crowd.crowd_uid = u.user_id  WHERE ( crowd_mid = 4 ) ORDER BY crowd_creattime desc LIMIT 0,10   [ RunTime:0.0120s ]
SQL: SELECT count(*) num FROM `u_crowd` WHERE ( crowd_mid = 4 ) LIMIT 1   [ RunTime:0.0000s ]
INFO: [ view_parse ] --START--
INFO: [ template_filter ] --START--
INFO: Run Behavior\ContentReplaceBehavior [ RunTime:0.000000s ]
INFO: [ template_filter ] --END-- [ RunTime:0.000000s ]
INFO: Run Behavior\ParseTemplateBehavior [ RunTime:0.029001s ]
INFO: [ view_parse ] --END-- [ RunTime:0.029001s ]
INFO: [ view_filter ] --START--
INFO: Run Behavior\WriteHtmlCacheBehavior [ RunTime:0.000000s ]
INFO: [ view_filter ] --END-- [ RunTime:0.000000s ]
INFO: [ app_end ] --START--
INFO: Run Behavior\ShowPageTraceBehavior [ RunTime:0.001000s ]
INFO: [ app_end ] --END-- [ RunTime:0.001000s ]

[ 2018-05-24T09:18:20+08:00 ] 127.0.0.1 /index.php?m=Index&c=Jobs&a=jobList
INFO: [ app_init ] --START--
INFO: Run Behavior\BuildLiteBehavior [ RunTime:0.000000s ]
INFO: [ app_init ] --END-- [ RunTime:0.000000s ]
INFO: [ app_begin ] --START--
INFO: Run Behavior\ReadHtmlCacheBehavior [ RunTime:0.001000s ]
INFO: [ app_begin ] --END-- [ RunTime:0.001000s ]
NOTIC: [8] A session had already been started - ignoring session_start() D:\project\web_new_world_php\World\Index\Controller\CommonController.class.php ç¬¬ 10 è¡Œ.
INFO: [ view_parse ] --START--
INFO: [ template_filter ] --START--
INFO: Run Behavior\ContentReplaceBehavior [ RunTime:0.000000s ]
INFO: [ template_filter ] --END-- [ RunTime:0.000000s ]
INFO: Run Behavior\ParseTemplateBehavior [ RunTime:0.080005s ]
INFO: [ view_parse ] --END-- [ RunTime:0.080005s ]
INFO: [ view_filter ] --START--
INFO: Run Behavior\WriteHtmlCacheBehavior [ RunTime:0.001000s ]
INFO: [ view_filter ] --END-- [ RunTime:0.001000s ]
INFO: [ app_end ] --START--
INFO: Run Behavior\ShowPageTraceBehavior [ RunTime:0.001000s ]
INFO: [ app_end ] --END-- [ RunTime:0.002000s ]

[ 2018-05-24T09:18:32+08:00 ] 127.0.0.1 /index.php?m=Index&c=Jobs&a=jobList
INFO: [ app_init ] --START--
INFO: Run Behavior\BuildLiteBehavior [ RunTime:0.000000s ]
INFO: [ app_init ] --END-- [ RunTime:0.001000s ]
INFO: [ app_begin ] --START--
INFO: Run Behavior\ReadHtmlCacheBehavior [ RunTime:0.000000s ]
INFO: [ app_begin ] --END-- [ RunTime:0.001001s ]
NOTIC: [8] A session had already been started - ignoring session_start() D:\project\web_new_world_php\World\Index\Controller\CommonController.class.php ç¬¬ 10 è¡Œ.
INFO: [ view_parse ] --START--
INFO: [ template_filter ] --START--
INFO: Run Behavior\ContentReplaceBehavior [ RunTime:0.001000s ]
INFO: [ template_filter ] --END-- [ RunTime:0.001000s ]
INFO: Run Behavior\ParseTemplateBehavior [ RunTime:0.010001s ]
INFO: [ view_parse ] --END-- [ RunTime:0.010001s ]
INFO: [ view_filter ] --START--
INFO: Run Behavior\WriteHtmlCacheBehavior [ RunTime:0.001000s ]
INFO: [ view_filter ] --END-- [ RunTime:0.001000s ]
INFO: [ app_end ] --START--
INFO: Run Behavior\ShowPageTraceBehavior [ RunTime:0.001000s ]
INFO: [ app_end ] --END-- [ RunTime:0.001000s ]

[ 2018-05-24T09:18:34+08:00 ] 127.0.0.1 /index.php?m=Index&c=Jobs&a=releasePosition
INFO: [ app_init ] --START--
INFO: Run Behavior\BuildLiteBehavior [ RunTime:0.000000s ]
INFO: [ app_init ] --END-- [ RunTime:0.000000s ]
INFO: [ app_begin ] --START--
INFO: Run Behavior\ReadHtmlCacheBehavior [ RunTime:0.001000s ]
INFO: [ app_begin ] --END-- [ RunTime:0.001000s ]
NOTIC: [8] A session had already been started - ignoring session_start() D:\project\web_new_world_php\World\Index\Controller\CommonController.class.php ç¬¬ 10 è¡Œ.
INFO: [ view_parse ] --START--
INFO: [ template_filter ] --START--
INFO: Run Behavior\ContentReplaceBehavior [ RunTime:0.000000s ]
INFO: [ template_filter ] --END-- [ RunTime:0.000000s ]
INFO: Run Behavior\ParseTemplateBehavior [ RunTime:0.024002s ]
INFO: [ view_parse ] --END-- [ RunTime:0.024002s ]
INFO: [ view_filter ] --START--
INFO: Run Behavior\WriteHtmlCacheBehavior [ RunTime:0.000000s ]
INFO: [ view_filter ] --END-- [ RunTime:0.000000s ]
INFO: [ app_end ] --START--
INFO: Run Behavior\ShowPageTraceBehavior [ RunTime:0.001000s ]
INFO: [ app_end ] --END-- [ RunTime:0.001000s ]

[ 2018-05-24T09:18:45+08:00 ] 127.0.0.1 /index.php?m=Index&c=Jobs&a=jobList
INFO: [ app_init ] --START--
INFO: Run Behavior\BuildLiteBehavior [ RunTime:0.000000s ]
INFO: [ app_init ] --END-- [ RunTime:0.000000s ]
INFO: [ app_begin ] --START--
INFO: Run Behavior\ReadHtmlCacheBehavior [ RunTime:0.001000s ]
INFO: [ app_begin ] --END-- [ RunTime:0.001000s ]
NOTIC: [8] A session had already been started - ignoring session_start() D:\project\web_new_world_php\World\Index\Controller\CommonController.class.php ç¬¬ 10 è¡Œ.
INFO: [ view_parse ] --START--
INFO: [ template_filter ] --START--
INFO: Run Behavior\ContentReplaceBehavior [ RunTime:0.000000s ]
INFO: [ template_filter ] --END-- [ RunTime:0.001000s ]
INFO: Run Behavior\ParseTemplateBehavior [ RunTime:0.010001s ]
INFO: [ view_parse ] --END-- [ RunTime:0.010001s ]
INFO: [ view_filter ] --START--
INFO: Run Behavior\WriteHtmlCacheBehavior [ RunTime:0.001000s ]
INFO: [ view_filter ] --END-- [ RunTime:0.001000s ]
INFO: [ app_end ] --START--
INFO: Run Behavior\ShowPageTraceBehavior [ RunTime:0.001000s ]
INFO: [ app_end ] --END-- [ RunTime:0.001000s ]

[ 2018-05-24T09:46:37+08:00 ] 127.0.0.1 /index.php?m=Index&c=Jobs&a=releasePosition
INFO: [ app_init ] --START--
INFO: Run Behavior\BuildLiteBehavior [ RunTime:0.000000s ]
INFO: [ app_init ] --END-- [ RunTime:0.000000s ]
INFO: [ app_begin ] --START--
INFO: Run Behavior\ReadHtmlCacheBehavior [ RunTime:0.001000s ]
INFO: [ app_begin ] --END-- [ RunTime:0.001000s ]
NOTIC: [8] A session had already been started - ignoring session_start() D:\project\web_new_world_php\World\Index\Controller\CommonController.class.php ç¬¬ 10 è¡Œ.
INFO: [ view_parse ] --START--
INFO: [ template_filter ] --START--
INFO: Run Behavior\ContentReplaceBehavior [ RunTime:0.000000s ]
INFO: [ template_filter ] --END-- [ RunTime:0.000000s ]
INFO: Run Behavior\ParseTemplateBehavior [ RunTime:0.011001s ]
INFO: [ view_parse ] --END-- [ RunTime:0.011001s ]
INFO: [ view_filter ] --START--
INFO: Run Behavior\WriteHtmlCacheBehavior [ RunTime:0.001000s ]
INFO: [ view_filter ] --END-- [ RunTime:0.001000s ]
INFO: [ app_end ] --START--
INFO: Run Behavior\ShowPageTraceBehavior [ RunTime:0.001000s ]
INFO: [ app_end ] --END-- [ RunTime:0.001000s ]

[ 2018-05-24T10:04:26+08:00 ] 127.0.0.1 /index.php?m=Index&c=Jobs&a=jobdetails
INFO: [ app_init ] --START--
INFO: Run Behavior\BuildLiteBehavior [ RunTime:0.000000s ]
INFO: [ app_init ] --END-- [ RunTime:0.000000s ]
INFO: [ app_begin ] --START--
INFO: Run Behavior\ReadHtmlCacheBehavior [ RunTime:0.001000s ]
INFO: [ app_begin ] --END-- [ RunTime:0.001000s ]
NOTIC: [8] A session had already been started - ignoring session_start() D:\project\web_new_world_php\World\Index\Controller\CommonController.class.php ç¬¬ 10 è¡Œ.
INFO: [ view_parse ] --START--
INFO: [ template_filter ] --START--
INFO: Run Behavior\ContentReplaceBehavior [ RunTime:0.000000s ]
INFO: [ template_filter ] --END-- [ RunTime:0.000000s ]
INFO: Run Behavior\ParseTemplateBehavior [ RunTime:0.032002s ]
INFO: [ view_parse ] --END-- [ RunTime:0.032002s ]
INFO: [ view_filter ] --START--
INFO: Run Behavior\WriteHtmlCacheBehavior [ RunTime:0.001000s ]
INFO: [ view_filter ] --END-- [ RunTime:0.001000s ]
INFO: [ app_end ] --START--
INFO: Run Behavior\ShowPageTraceBehavior [ RunTime:0.002000s ]
INFO: [ app_end ] --END-- [ RunTime:0.002000s ]

[ 2018-05-24T13:40:00+08:00 ] 127.0.0.1 /index.php?m=Index&c=Jobs&a=work
INFO: [ app_init ] --START--
INFO: Run Behavior\BuildLiteBehavior [ RunTime:0.000000s ]
INFO: [ app_init ] --END-- [ RunTime:0.001000s ]
INFO: [ app_begin ] --START--
INFO: Run Behavior\ReadHtmlCacheBehavior [ RunTime:0.000000s ]
INFO: [ app_begin ] --END-- [ RunTime:0.000000s ]
NOTIC: [8] A session had already been started - ignoring session_start() D:\project\web_new_world_php\World\Index\Controller\CommonController.class.php ç¬¬ 10 è¡Œ.
SQL: SHOW COLUMNS FROM `s_first_mark` [ RunTime:0.0150s ]
SQL: SHOW COLUMNS FROM `s_second_mark` [ RunTime:0.0150s ]
SQL: SHOW COLUMNS FROM `u_crowd` [ RunTime:0.0170s ]
SQL: SELECT * FROM `s_first_mark` WHERE ( first_mark_mid = 4 and first_mark_type = 1 ) ORDER BY firsth_mark_sort  [ RunTime:0.0010s ]
SQL: SELECT u.user_name,u_crowd.* FROM `u_crowd` INNER JOIN u_user u on u_crowd.crowd_uid = u.user_id  WHERE ( crowd_mid = 4 ) ORDER BY crowd_creattime desc LIMIT 0,10   [ RunTime:0.0120s ]
SQL: SELECT count(*) num FROM `u_crowd` WHERE ( crowd_mid = 4 ) LIMIT 1   [ RunTime:0.0010s ]
INFO: [ view_parse ] --START--
INFO: [ template_filter ] --START--
INFO: Run Behavior\ContentReplaceBehavior [ RunTime:0.001001s ]
INFO: [ template_filter ] --END-- [ RunTime:0.001001s ]
INFO: Run Behavior\ParseTemplateBehavior [ RunTime:0.032002s ]
INFO: [ view_parse ] --END-- [ RunTime:0.032002s ]
INFO: [ view_filter ] --START--
INFO: Run Behavior\WriteHtmlCacheBehavior [ RunTime:0.000000s ]
INFO: [ view_filter ] --END-- [ RunTime:0.000000s ]
INFO: [ app_end ] --START--
INFO: Run Behavior\ShowPageTraceBehavior [ RunTime:0.000000s ]
INFO: [ app_end ] --END-- [ RunTime:0.001000s ]

[ 2018-05-24T13:40:02+08:00 ] 127.0.0.1 /index.php?m=Index&c=Index&a=index
INFO: [ app_init ] --START--
INFO: Run Behavior\BuildLiteBehavior [ RunTime:0.000000s ]
INFO: [ app_init ] --END-- [ RunTime:0.001000s ]
INFO: [ app_begin ] --START--
INFO: Run Behavior\ReadHtmlCacheBehavior [ RunTime:0.000000s ]
INFO: [ app_begin ] --END-- [ RunTime:0.000000s ]
NOTIC: [8] A session had already been started - ignoring session_start() D:\project\web_new_world_php\World\Index\Controller\CommonController.class.php ç¬¬ 10 è¡Œ.
SQL: SHOW COLUMNS FROM `u_user` [ RunTime:0.0180s ]
SQL: SHOW COLUMNS FROM `u_donation` [ RunTime:0.0170s ]
SQL: SHOW COLUMNS FROM `s_proposal_type` [ RunTime:0.0160s ]
SQL: SELECT `user_havecoin`,`user_outcoin`,`user_outmoney`,`user_name`,`user_icon` FROM `u_user` ORDER BY user_havecoin desc LIMIT 0,6   [ RunTime:0.0000s ]
SQL: SELECT `user_havecoin`,`user_outcoin`,`user_outmoney`,`user_name`,`user_icon` FROM `u_user` ORDER BY user_outcoin desc LIMIT 0,6   [ RunTime:0.0010s ]
SQL: SELECT `user_havecoin`,`user_outcoin`,`user_outmoney`,`user_name`,`user_icon` FROM `u_user` ORDER BY user_outmoney desc LIMIT 0,6   [ RunTime:0.0010s ]
SQL: SELECT `donation_money`,`donation_coin`,`donation_paytime`,`user_name` FROM `u_donation` INNER  JOIN u_user u on u_donation.donation_uid = u.user_id  WHERE ( donation_ispay = 1 ) ORDER BY donation_paytime desc LIMIT 0,7   [ RunTime:0.0020s ]
SQL: SELECT * FROM `s_proposal_type`  [ RunTime:0.0010s ]
INFO: [ view_parse ] --START--
INFO: [ template_filter ] --START--
INFO: Run Behavior\ContentReplaceBehavior [ RunTime:0.000000s ]
INFO: [ template_filter ] --END-- [ RunTime:0.001000s ]
INFO: Run Behavior\ParseTemplateBehavior [ RunTime:0.124007s ]
INFO: [ view_parse ] --END-- [ RunTime:0.124007s ]
INFO: [ view_filter ] --START--
INFO: Run Behavior\WriteHtmlCacheBehavior [ RunTime:0.000000s ]
INFO: [ view_filter ] --END-- [ RunTime:0.001000s ]
INFO: [ app_end ] --START--
INFO: Run Behavior\ShowPageTraceBehavior [ RunTime:0.001000s ]
INFO: [ app_end ] --END-- [ RunTime:0.001000s ]

[ 2018-05-24T13:41:26+08:00 ] 127.0.0.1 /index.php?m=Index&c=Rnterst&a=interest
INFO: [ app_init ] --START--
INFO: Run Behavior\BuildLiteBehavior [ RunTime:0.000000s ]
INFO: [ app_init ] --END-- [ RunTime:0.001000s ]
INFO: [ app_begin ] --START--
INFO: Run Behavior\ReadHtmlCacheBehavior [ RunTime:0.000000s ]
INFO: [ app_begin ] --END-- [ RunTime:0.000000s ]
NOTIC: [8] A session had already been started - ignoring session_start() D:\project\web_new_world_php\World\Index\Controller\CommonController.class.php ç¬¬ 10 è¡Œ.
SQL: SHOW COLUMNS FROM `s_first_mark` [ RunTime:0.0160s ]
SQL: SHOW COLUMNS FROM `s_second_mark` [ RunTime:0.0150s ]
SQL: SHOW COLUMNS FROM `u_crowd` [ RunTime:0.0130s ]
SQL: SELECT * FROM `s_first_mark` WHERE ( first_mark_mid = 2 and first_mark_type = 1 ) ORDER BY firsth_mark_sort  [ RunTime:0.0010s ]
SQL: SELECT * FROM `s_second_mark` WHERE ( second_mark_fid = 1 ) ORDER BY second_mark_sort  [ RunTime:0.0010s ]
SQL: SELECT * FROM `s_second_mark` WHERE ( second_mark_fid = 2 ) ORDER BY second_mark_sort  [ RunTime:0.0000s ]
SQL: SELECT * FROM `s_second_mark` WHERE ( second_mark_fid = 3 ) ORDER BY second_mark_sort  [ RunTime:0.0000s ]
SQL: SELECT u.user_name,u_crowd.* FROM `u_crowd` INNER JOIN u_user u on u_crowd.crowd_uid = u.user_id  WHERE ( crowd_mid = 2 ) ORDER BY crowd_creattime desc LIMIT 0,10   [ RunTime:0.0160s ]
SQL: SELECT count(*) num FROM `u_crowd` WHERE ( crowd_mid = 2 ) LIMIT 1   [ RunTime:0.0010s ]
INFO: [ view_parse ] --START--
INFO: [ template_filter ] --START--
INFO: Run Behavior\ContentReplaceBehavior [ RunTime:0.001000s ]
INFO: [ template_filter ] --END-- [ RunTime:0.001000s ]
INFO: Run Behavior\ParseTemplateBehavior [ RunTime:0.017001s ]
INFO: [ view_parse ] --END-- [ RunTime:0.017001s ]
INFO: [ view_filter ] --START--
INFO: Run Behavior\WriteHtmlCacheBehavior [ RunTime:0.001000s ]
INFO: [ view_filter ] --END-- [ RunTime:0.001000s ]
INFO: [ app_end ] --START--
INFO: Run Behavior\ShowPageTraceBehavior [ RunTime:0.001000s ]
INFO: [ app_end ] --END-- [ RunTime:0.001000s ]

[ 2018-05-24T13:41:30+08:00 ] 127.0.0.1 /index.php?m=Index&c=Rnterst&a=groupDetails&cid=6
INFO: [ app_init ] --START--
INFO: Run Behavior\BuildLiteBehavior [ RunTime:0.000000s ]
INFO: [ app_init ] --END-- [ RunTime:0.001000s ]
INFO: [ app_begin ] --START--
INFO: Run Behavior\ReadHtmlCacheBehavior [ RunTime:0.000000s ]
INFO: [ app_begin ] --END-- [ RunTime:0.000000s ]
NOTIC: [8] A session had already been started - ignoring session_start() D:\project\web_new_world_php\World\Index\Controller\CommonController.class.php ç¬¬ 10 è¡Œ.
SQL: SHOW COLUMNS FROM `u_crowd` [ RunTime:0.0150s ]
SQL: SELECT u_crowd.*,u.user_name FROM `u_crowd` INNER JOIN u_user u on u_crowd.crowd_uid = u.user_id  WHERE ( crowd_id = 6 ) LIMIT 1   [ RunTime:0.0010s ]
SQL: SHOW COLUMNS FROM `u_crowd_member` [ RunTime:0.0430s ]
SQL: SELECT u_crowd_member.*,u.user_icon FROM `u_crowd_member` INNER JOIN u_user u on u_crowd_member.crowd_member_uid = u.user_id  WHERE ( crowd_member_cid = 6 ) ORDER BY crowd_member_status desc  [ RunTime:0.0020s ]
INFO: [ view_parse ] --START--
INFO: [ template_filter ] --START--
INFO: Run Behavior\ContentReplaceBehavior [ RunTime:0.001000s ]
INFO: [ template_filter ] --END-- [ RunTime:0.001000s ]
INFO: Run Behavior\ParseTemplateBehavior [ RunTime:0.024001s ]
INFO: [ view_parse ] --END-- [ RunTime:0.024001s ]
INFO: [ view_filter ] --START--
INFO: Run Behavior\WriteHtmlCacheBehavior [ RunTime:0.001000s ]
INFO: [ view_filter ] --END-- [ RunTime:0.001000s ]
INFO: [ app_end ] --START--
INFO: Run Behavior\ShowPageTraceBehavior [ RunTime:0.001000s ]
INFO: [ app_end ] --END-- [ RunTime:0.001000s ]

[ 2018-05-24T13:44:33+08:00 ] 127.0.0.1 /index.php?m=Index&c=Academic&a=academic
INFO: [ app_init ] --START--
INFO: Run Behavior\BuildLiteBehavior [ RunTime:0.000000s ]
INFO: [ app_init ] --END-- [ RunTime:0.001000s ]
INFO: [ app_begin ] --START--
INFO: Run Behavior\ReadHtmlCacheBehavior [ RunTime:0.000000s ]
INFO: [ app_begin ] --END-- [ RunTime:0.000000s ]
NOTIC: [8] A session had already been started - ignoring session_start() D:\project\web_new_world_php\World\Index\Controller\CommonController.class.php ç¬¬ 10 è¡Œ.
SQL: SHOW COLUMNS FROM `s_first_mark` [ RunTime:0.0160s ]
SQL: SHOW COLUMNS FROM `s_second_mark` [ RunTime:0.0160s ]
SQL: SHOW COLUMNS FROM `u_crowd` [ RunTime:0.0160s ]
SQL: SELECT * FROM `s_first_mark` WHERE ( first_mark_mid = 3 and first_mark_type = 1 ) ORDER BY firsth_mark_sort  [ RunTime:0.0010s ]
SQL: SELECT * FROM `s_second_mark` WHERE ( second_mark_fid = 4 ) ORDER BY second_mark_sort  [ RunTime:0.0000s ]
SQL: SELECT * FROM `s_second_mark` WHERE ( second_mark_fid = 5 ) ORDER BY second_mark_sort  [ RunTime:0.0010s ]
SQL: SELECT * FROM `s_second_mark` WHERE ( second_mark_fid = 6 ) ORDER BY second_mark_sort  [ RunTime:0.0010s ]
SQL: SELECT * FROM `s_second_mark` WHERE ( second_mark_fid = 7 ) ORDER BY second_mark_sort  [ RunTime:0.0000s ]
SQL: SELECT u.user_name,u_crowd.* FROM `u_crowd` INNER JOIN u_user u on u_crowd.crowd_uid = u.user_id  WHERE ( crowd_mid = 3 ) ORDER BY crowd_creattime desc LIMIT 0,10   [ RunTime:0.0140s ]
SQL: SELECT count(*) num FROM `u_crowd` WHERE ( crowd_mid = 3 ) LIMIT 1   [ RunTime:0.0000s ]
INFO: [ view_parse ] --START--
INFO: [ template_filter ] --START--
INFO: Run Behavior\ContentReplaceBehavior [ RunTime:0.000000s ]
INFO: [ template_filter ] --END-- [ RunTime:0.001001s ]
INFO: Run Behavior\ParseTemplateBehavior [ RunTime:0.030002s ]
INFO: [ view_parse ] --END-- [ RunTime:0.030002s ]
INFO: [ view_filter ] --START--
INFO: Run Behavior\WriteHtmlCacheBehavior [ RunTime:0.001000s ]
INFO: [ view_filter ] --END-- [ RunTime:0.001000s ]
INFO: [ app_end ] --START--
INFO: Run Behavior\ShowPageTraceBehavior [ RunTime:0.001000s ]
INFO: [ app_end ] --END-- [ RunTime:0.001000s ]

[ 2018-05-24T13:45:31+08:00 ] 127.0.0.1 /index.php?m=Index&c=Login&a=login
INFO: [ app_init ] --START--
INFO: Run Behavior\BuildLiteBehavior [ RunTime:0.000000s ]
INFO: [ app_init ] --END-- [ RunTime:0.000000s ]
INFO: [ app_begin ] --START--
INFO: Run Behavior\ReadHtmlCacheBehavior [ RunTime:0.001000s ]
INFO: [ app_begin ] --END-- [ RunTime:0.001000s ]
NOTIC: [8] A session had already been started - ignoring session_start() D:\project\web_new_world_php\World\Index\Controller\CommonController.class.php ç¬¬ 10 è¡Œ.
INFO: [ view_parse ] --START--
INFO: [ template_filter ] --START--
INFO: Run Behavior\ContentReplaceBehavior [ RunTime:0.000000s ]
INFO: [ template_filter ] --END-- [ RunTime:0.000000s ]
INFO: Run Behavior\ParseTemplateBehavior [ RunTime:0.016001s ]
INFO: [ view_parse ] --END-- [ RunTime:0.016001s ]
INFO: [ view_filter ] --START--
INFO: Run Behavior\WriteHtmlCacheBehavior [ RunTime:0.000000s ]
INFO: [ view_filter ] --END-- [ RunTime:0.000000s ]
INFO: [ app_end ] --START--
INFO: Run Behavior\ShowPageTraceBehavior [ RunTime:0.001000s ]
INFO: [ app_end ] --END-- [ RunTime:0.001000s ]

[ 2018-05-24T13:45:34+08:00 ] 127.0.0.1 /index.php?m=Index&c=Academic&a=academicGroups&cid=10
INFO: [ app_init ] --START--
INFO: Run Behavior\BuildLiteBehavior [ RunTime:0.000000s ]
INFO: [ app_init ] --END-- [ RunTime:0.001000s ]
INFO: [ app_begin ] --START--
INFO: Run Behavior\ReadHtmlCacheBehavior [ RunTime:0.000000s ]
INFO: [ app_begin ] --END-- [ RunTime:0.000000s ]
NOTIC: [8] A session had already been started - ignoring session_start() D:\project\web_new_world_php\World\Index\Controller\CommonController.class.php ç¬¬ 10 è¡Œ.
INFO: [ view_parse ] --START--
INFO: [ template_filter ] --START--
INFO: Run Behavior\ContentReplaceBehavior [ RunTime:0.000000s ]
INFO: [ template_filter ] --END-- [ RunTime:0.000000s ]
INFO: Run Behavior\ParseTemplateBehavior [ RunTime:0.059004s ]
INFO: [ view_parse ] --END-- [ RunTime:0.059004s ]
INFO: [ view_filter ] --START--
INFO: Run Behavior\WriteHtmlCacheBehavior [ RunTime:0.000000s ]
INFO: [ view_filter ] --END-- [ RunTime:0.000000s ]
INFO: [ app_end ] --START--
INFO: Run Behavior\ShowPageTraceBehavior [ RunTime:0.000000s ]
INFO: [ app_end ] --END-- [ RunTime:0.000000s ]

[ 2018-05-24T13:45:43+08:00 ] 127.0.0.1 /index.php?m=Index&c=Academic&a=groupDetailsRelease
INFO: [ app_init ] --START--
INFO: Run Behavior\BuildLiteBehavior [ RunTime:0.000000s ]
INFO: [ app_init ] --END-- [ RunTime:0.000000s ]
INFO: [ app_begin ] --START--
INFO: Run Behavior\ReadHtmlCacheBehavior [ RunTime:0.001000s ]
INFO: [ app_begin ] --END-- [ RunTime:0.001000s ]
NOTIC: [8] A session had already been started - ignoring session_start() D:\project\web_new_world_php\World\Index\Controller\CommonController.class.php ç¬¬ 10 è¡Œ.
INFO: [ view_parse ] --START--
INFO: [ template_filter ] --START--
INFO: Run Behavior\ContentReplaceBehavior [ RunTime:0.000000s ]
INFO: [ template_filter ] --END-- [ RunTime:0.000000s ]
INFO: Run Behavior\ParseTemplateBehavior [ RunTime:0.020001s ]
INFO: [ view_parse ] --END-- [ RunTime:0.020001s ]
INFO: [ view_filter ] --START--
INFO: Run Behavior\WriteHtmlCacheBehavior [ RunTime:0.001000s ]
INFO: [ view_filter ] --END-- [ RunTime:0.001000s ]
INFO: [ app_end ] --START--
INFO: Run Behavior\ShowPageTraceBehavior [ RunTime:0.000000s ]
INFO: [ app_end ] --END-- [ RunTime:0.000000s ]

[ 2018-05-24T13:45:46+08:00 ] 127.0.0.1 /index.php?m=Index&c=Academic&a=groupDetailsRelease
INFO: [ app_init ] --START--
INFO: Run Behavior\BuildLiteBehavior [ RunTime:0.000000s ]
INFO: [ app_init ] --END-- [ RunTime:0.000000s ]
INFO: [ app_begin ] --START--
INFO: Run Behavior\ReadHtmlCacheBehavior [ RunTime:0.001000s ]
INFO: [ app_begin ] --END-- [ RunTime:0.001000s ]
NOTIC: [8] A session had already been started - ignoring session_start() D:\project\web_new_world_php\World\Index\Controller\CommonController.class.php ç¬¬ 10 è¡Œ.
INFO: [ view_parse ] --START--
INFO: [ template_filter ] --START--
INFO: Run Behavior\ContentReplaceBehavior [ RunTime:0.000000s ]
INFO: [ template_filter ] --END-- [ RunTime:0.000000s ]
INFO: Run Behavior\ParseTemplateBehavior [ RunTime:0.008001s ]
INFO: [ view_parse ] --END-- [ RunTime:0.008001s ]
INFO: [ view_filter ] --START--
INFO: Run Behavior\WriteHtmlCacheBehavior [ RunTime:0.001000s ]
INFO: [ view_filter ] --END-- [ RunTime:0.001000s ]
INFO: [ app_end ] --START--
INFO: Run Behavior\ShowPageTraceBehavior [ RunTime:0.000000s ]
INFO: [ app_end ] --END-- [ RunTime:0.000000s ]

[ 2018-05-24T13:45:52+08:00 ] 127.0.0.1 /index.php?m=Index&c=Academic&a=groupDetailsRelease
INFO: [ app_init ] --START--
INFO: Run Behavior\BuildLiteBehavior [ RunTime:0.000000s ]
INFO: [ app_init ] --END-- [ RunTime:0.001000s ]
INFO: [ app_begin ] --START--
INFO: Run Behavior\ReadHtmlCacheBehavior [ RunTime:0.000000s ]
INFO: [ app_begin ] --END-- [ RunTime:0.000000s ]
NOTIC: [8] A session had already been started - ignoring session_start() D:\project\web_new_world_php\World\Index\Controller\CommonController.class.php ç¬¬ 10 è¡Œ.
INFO: [ view_parse ] --START--
INFO: [ template_filter ] --START--
INFO: Run Behavior\ContentReplaceBehavior [ RunTime:0.000000s ]
INFO: [ template_filter ] --END-- [ RunTime:0.000000s ]
INFO: Run Behavior\ParseTemplateBehavior [ RunTime:0.010000s ]
INFO: [ view_parse ] --END-- [ RunTime:0.010000s ]
INFO: [ view_filter ] --START--
INFO: Run Behavior\WriteHtmlCacheBehavior [ RunTime:0.000000s ]
INFO: [ view_filter ] --END-- [ RunTime:0.000000s ]
INFO: [ app_end ] --START--
INFO: Run Behavior\ShowPageTraceBehavior [ RunTime:0.000000s ]
INFO: [ app_end ] --END-- [ RunTime:0.001000s ]

[ 2018-05-24T13:48:32+08:00 ] 127.0.0.1 /index.php?m=Index&c=Academic&a=academic
INFO: [ app_init ] --START--
INFO: Run Behavior\BuildLiteBehavior [ RunTime:0.000000s ]
INFO: [ app_init ] --END-- [ RunTime:0.000000s ]
INFO: [ app_begin ] --START--
INFO: Run Behavior\ReadHtmlCacheBehavior [ RunTime:0.001000s ]
INFO: [ app_begin ] --END-- [ RunTime:0.001000s ]
NOTIC: [8] A session had already been started - ignoring session_start() D:\project\web_new_world_php\World\Index\Controller\CommonController.class.php ç¬¬ 10 è¡Œ.
SQL: SHOW COLUMNS FROM `s_first_mark` [ RunTime:0.0150s ]
SQL: SHOW COLUMNS FROM `s_second_mark` [ RunTime:0.0150s ]
SQL: SHOW COLUMNS FROM `u_crowd` [ RunTime:0.0160s ]
SQL: SELECT * FROM `s_first_mark` WHERE ( first_mark_mid = 3 and first_mark_type = 1 ) ORDER BY firsth_mark_sort  [ RunTime:0.0010s ]
SQL: SELECT * FROM `s_second_mark` WHERE ( second_mark_fid = 4 ) ORDER BY second_mark_sort  [ RunTime:0.0000s ]
SQL: SELECT * FROM `s_second_mark` WHERE ( second_mark_fid = 5 ) ORDER BY second_mark_sort  [ RunTime:0.0010s ]
SQL: SELECT * FROM `s_second_mark` WHERE ( second_mark_fid = 6 ) ORDER BY second_mark_sort  [ RunTime:0.0010s ]
SQL: SELECT * FROM `s_second_mark` WHERE ( second_mark_fid = 7 ) ORDER BY second_mark_sort  [ RunTime:0.0000s ]
SQL: SELECT u.user_name,u_crowd.* FROM `u_crowd` INNER JOIN u_user u on u_crowd.crowd_uid = u.user_id  WHERE ( crowd_mid = 3 ) ORDER BY crowd_creattime desc LIMIT 0,10   [ RunTime:0.0150s ]
SQL: SELECT count(*) num FROM `u_crowd` WHERE ( crowd_mid = 3 ) LIMIT 1   [ RunTime:0.0010s ]
INFO: [ view_parse ] --START--
INFO: [ template_filter ] --START--
INFO: Run Behavior\ContentReplaceBehavior [ RunTime:0.000000s ]
INFO: [ template_filter ] --END-- [ RunTime:0.000000s ]
INFO: Run Behavior\ParseTemplateBehavior [ RunTime:0.015001s ]
INFO: [ view_parse ] --END-- [ RunTime:0.015001s ]
INFO: [ view_filter ] --START--
INFO: Run Behavior\WriteHtmlCacheBehavior [ RunTime:0.001000s ]
INFO: [ view_filter ] --END-- [ RunTime:0.001000s ]
INFO: [ app_end ] --START--
INFO: Run Behavior\ShowPageTraceBehavior [ RunTime:0.001000s ]
INFO: [ app_end ] --END-- [ RunTime:0.001000s ]

[ 2018-05-24T13:48:39+08:00 ] 127.0.0.1 /index.php?m=Index&c=Jobs&a=work
INFO: [ app_init ] --START--
INFO: Run Behavior\BuildLiteBehavior [ RunTime:0.000000s ]
INFO: [ app_init ] --END-- [ RunTime:0.001000s ]
INFO: [ app_begin ] --START--
INFO: Run Behavior\ReadHtmlCacheBehavior [ RunTime:0.000000s ]
INFO: [ app_begin ] --END-- [ RunTime:0.001000s ]
NOTIC: [8] A session had already been started - ignoring session_start() D:\project\web_new_world_php\World\Index\Controller\CommonController.class.php ç¬¬ 10 è¡Œ.
SQL: SHOW COLUMNS FROM `s_first_mark` [ RunTime:0.0160s ]
SQL: SHOW COLUMNS FROM `s_second_mark` [ RunTime:0.0150s ]
SQL: SHOW COLUMNS FROM `u_crowd` [ RunTime:0.0150s ]
SQL: SELECT * FROM `s_first_mark` WHERE ( first_mark_mid = 4 and first_mark_type = 1 ) ORDER BY firsth_mark_sort  [ RunTime:0.0010s ]
SQL: SELECT u.user_name,u_crowd.* FROM `u_crowd` INNER JOIN u_user u on u_crowd.crowd_uid = u.user_id  WHERE ( crowd_mid = 4 ) ORDER BY crowd_creattime desc LIMIT 0,10   [ RunTime:0.0120s ]
SQL: SELECT count(*) num FROM `u_crowd` WHERE ( crowd_mid = 4 ) LIMIT 1   [ RunTime:0.0000s ]
INFO: [ view_parse ] --START--
INFO: [ template_filter ] --START--
INFO: Run Behavior\ContentReplaceBehavior [ RunTime:0.000000s ]
INFO: [ template_filter ] --END-- [ RunTime:0.000000s ]
INFO: Run Behavior\ParseTemplateBehavior [ RunTime:0.012000s ]
INFO: [ view_parse ] --END-- [ RunTime:0.012000s ]
INFO: [ view_filter ] --START--
INFO: Run Behavior\WriteHtmlCacheBehavior [ RunTime:0.000000s ]
INFO: [ view_filter ] --END-- [ RunTime:0.000000s ]
INFO: [ app_end ] --START--
INFO: Run Behavior\ShowPageTraceBehavior [ RunTime:0.000000s ]
INFO: [ app_end ] --END-- [ RunTime:0.000000s ]

[ 2018-05-24T13:49:08+08:00 ] 127.0.0.1 /index.php?m=Index&c=Jobs&a=jobList
INFO: [ app_init ] --START--
INFO: Run Behavior\BuildLiteBehavior [ RunTime:0.000000s ]
INFO: [ app_init ] --END-- [ RunTime:0.001000s ]
INFO: [ app_begin ] --START--
INFO: Run Behavior\ReadHtmlCacheBehavior [ RunTime:0.000000s ]
INFO: [ app_begin ] --END-- [ RunTime:0.000000s ]
NOTIC: [8] A session had already been started - ignoring session_start() D:\project\web_new_world_php\World\Index\Controller\CommonController.class.php ç¬¬ 10 è¡Œ.
INFO: [ view_parse ] --START--
INFO: [ template_filter ] --START--
INFO: Run Behavior\ContentReplaceBehavior [ RunTime:0.000000s ]
INFO: [ template_filter ] --END-- [ RunTime:0.000000s ]
INFO: Run Behavior\ParseTemplateBehavior [ RunTime:0.056003s ]
INFO: [ view_parse ] --END-- [ RunTime:0.056003s ]
INFO: [ view_filter ] --START--
INFO: Run Behavior\WriteHtmlCacheBehavior [ RunTime:0.001000s ]
INFO: [ view_filter ] --END-- [ RunTime:0.001000s ]
INFO: [ app_end ] --START--
INFO: Run Behavior\ShowPageTraceBehavior [ RunTime:0.001000s ]
INFO: [ app_end ] --END-- [ RunTime:0.001000s ]

[ 2018-05-24T19:54:52+08:00 ] 127.0.0.1 /
INFO: [ app_init ] --START--
INFO: Run Behavior\BuildLiteBehavior [ RunTime:0.000000s ]
INFO: [ app_init ] --END-- [ RunTime:0.016001s ]
INFO: [ app_begin ] --START--
INFO: Run Behavior\ReadHtmlCacheBehavior [ RunTime:0.014001s ]
INFO: [ app_begin ] --END-- [ RunTime:0.014001s ]
NOTIC: [8] A session had already been started - ignoring session_start() D:\project\web_new_world_php\World\Index\Controller\CommonController.class.php ç¬¬ 10 è¡Œ.
SQL: SHOW COLUMNS FROM `u_user` [ RunTime:0.2220s ]
SQL: SHOW COLUMNS FROM `u_donation` [ RunTime:0.0120s ]
SQL: SHOW COLUMNS FROM `s_proposal_type` [ RunTime:0.0390s ]
SQL: SELECT `user_havecoin`,`user_outcoin`,`user_outmoney`,`user_name`,`user_icon` FROM `u_user` ORDER BY user_havecoin desc LIMIT 0,6   [ RunTime:0.0600s ]
SQL: SELECT `user_havecoin`,`user_outcoin`,`user_outmoney`,`user_name`,`user_icon` FROM `u_user` ORDER BY user_outcoin desc LIMIT 0,6   [ RunTime:0.0010s ]
SQL: SELECT `user_havecoin`,`user_outcoin`,`user_outmoney`,`user_name`,`user_icon` FROM `u_user` ORDER BY user_outmoney desc LIMIT 0,6   [ RunTime:0.0010s ]
SQL: SELECT `donation_money`,`donation_coin`,`donation_paytime`,`user_name` FROM `u_donation` INNER  JOIN u_user u on u_donation.donation_uid = u.user_id  WHERE ( donation_ispay = 1 ) ORDER BY donation_paytime desc LIMIT 0,7   [ RunTime:0.0540s ]
SQL: SELECT * FROM `s_proposal_type`  [ RunTime:0.0000s ]
INFO: [ view_parse ] --START--
INFO: [ template_filter ] --START--
INFO: Run Behavior\ContentReplaceBehavior [ RunTime:0.001000s ]
INFO: [ template_filter ] --END-- [ RunTime:0.001000s ]
INFO: Run Behavior\ParseTemplateBehavior [ RunTime:0.237014s ]
INFO: [ view_parse ] --END-- [ RunTime:0.237014s ]
INFO: [ view_filter ] --START--
INFO: Run Behavior\WriteHtmlCacheBehavior [ RunTime:0.045003s ]
INFO: [ view_filter ] --END-- [ RunTime:0.045003s ]
INFO: [ app_end ] --START--
INFO: Run Behavior\ShowPageTraceBehavior [ RunTime:0.004000s ]
INFO: [ app_end ] --END-- [ RunTime:0.005000s ]

[ 2018-05-24T19:54:55+08:00 ] 127.0.0.1 /index.php?m=Index&c=Jobs&a=work
INFO: [ app_init ] --START--
INFO: Run Behavior\BuildLiteBehavior [ RunTime:0.000000s ]
INFO: [ app_init ] --END-- [ RunTime:0.000000s ]
INFO: [ app_begin ] --START--
INFO: Run Behavior\ReadHtmlCacheBehavior [ RunTime:0.001001s ]
INFO: [ app_begin ] --END-- [ RunTime:0.001001s ]
NOTIC: [8] A session had already been started - ignoring session_start() D:\project\web_new_world_php\World\Index\Controller\CommonController.class.php ç¬¬ 10 è¡Œ.
SQL: SHOW COLUMNS FROM `s_first_mark` [ RunTime:0.0070s ]
SQL: SHOW COLUMNS FROM `s_second_mark` [ RunTime:0.0070s ]
SQL: SHOW COLUMNS FROM `u_crowd` [ RunTime:0.0180s ]
SQL: SELECT * FROM `s_first_mark` WHERE ( first_mark_mid = 4 and first_mark_type = 1 ) ORDER BY firsth_mark_sort  [ RunTime:0.0110s ]
SQL: SELECT u.user_name,u_crowd.* FROM `u_crowd` INNER JOIN u_user u on u_crowd.crowd_uid = u.user_id  WHERE ( crowd_mid = 4 ) ORDER BY crowd_creattime desc LIMIT 0,10   [ RunTime:0.0060s ]
SQL: SELECT count(*) num FROM `u_crowd` WHERE ( crowd_mid = 4 ) LIMIT 1   [ RunTime:0.0650s ]
INFO: [ view_parse ] --START--
INFO: [ template_filter ] --START--
INFO: Run Behavior\ContentReplaceBehavior [ RunTime:0.000000s ]
INFO: [ template_filter ] --END-- [ RunTime:0.001000s ]
INFO: Run Behavior\ParseTemplateBehavior [ RunTime:0.017001s ]
INFO: [ view_parse ] --END-- [ RunTime:0.017001s ]
INFO: [ view_filter ] --START--
INFO: Run Behavior\WriteHtmlCacheBehavior [ RunTime:0.001000s ]
INFO: [ view_filter ] --END-- [ RunTime:0.001000s ]
INFO: [ app_end ] --START--
INFO: Run Behavior\ShowPageTraceBehavior [ RunTime:0.001000s ]
INFO: [ app_end ] --END-- [ RunTime:0.001000s ]

[ 2018-05-24T19:55:08+08:00 ] 127.0.0.1 /index.php?m=Index&c=Jobs&a=jobList
INFO: [ app_init ] --START--
INFO: Run Behavior\BuildLiteBehavior [ RunTime:0.000000s ]
INFO: [ app_init ] --END-- [ RunTime:0.001000s ]
INFO: [ app_begin ] --START--
INFO: Run Behavior\ReadHtmlCacheBehavior [ RunTime:0.001000s ]
INFO: [ app_begin ] --END-- [ RunTime:0.001000s ]
NOTIC: [8] A session had already been started - ignoring session_start() D:\project\web_new_world_php\World\Index\Controller\CommonController.class.php ç¬¬ 10 è¡Œ.
INFO: [ view_parse ] --START--
INFO: [ template_filter ] --START--
INFO: Run Behavior\ContentReplaceBehavior [ RunTime:0.001000s ]
INFO: [ template_filter ] --END-- [ RunTime:0.001000s ]
INFO: Run Behavior\ParseTemplateBehavior [ RunTime:0.023001s ]
INFO: [ view_parse ] --END-- [ RunTime:0.024001s ]
INFO: [ view_filter ] --START--
INFO: Run Behavior\WriteHtmlCacheBehavior [ RunTime:0.000000s ]
INFO: [ view_filter ] --END-- [ RunTime:0.000000s ]
INFO: [ app_end ] --START--
INFO: Run Behavior\ShowPageTraceBehavior [ RunTime:0.001000s ]
INFO: [ app_end ] --END-- [ RunTime:0.001000s ]

