[ 2018-05-15T13:57:41+08:00 ] 127.0.0.1 /
INFO: [ app_init ] --START--
INFO: Run Behavior\BuildLiteBehavior [ RunTime:0.000000s ]
INFO: [ app_init ] --END-- [ RunTime:0.000000s ]
INFO: [ app_begin ] --START--
INFO: Run Behavior\ReadHtmlCacheBehavior [ RunTime:0.001000s ]
INFO: [ app_begin ] --END-- [ RunTime:0.001000s ]
NOTIC: [8] A session had already been started - ignoring session_start() D:\project\web_new_world_php\World\Index\Controller\CommonController.class.php 第 5 行.
SQL: SHOW COLUMNS FROM `u_user` [ RunTime:0.1200s ]
SQL: SHOW COLUMNS FROM `u_donation` [ RunTime:0.0560s ]
SQL: SHOW COLUMNS FROM `s_proposal_type` [ RunTime:0.0420s ]
SQL: SELECT `user_havecoin`,`user_outcoin`,`user_outmoney`,`user_name`,`user_icon` FROM `u_user` ORDER BY user_havecoin desc LIMIT 0,6   [ RunTime:0.0160s ]
SQL: SELECT `user_havecoin`,`user_outcoin`,`user_outmoney`,`user_name`,`user_icon` FROM `u_user` ORDER BY user_outcoin desc LIMIT 0,6   [ RunTime:0.0010s ]
SQL: SELECT `user_havecoin`,`user_outcoin`,`user_outmoney`,`user_name`,`user_icon` FROM `u_user` ORDER BY user_outmoney desc LIMIT 0,6   [ RunTime:0.0000s ]
SQL: SELECT `donation_money`,`donation_coin`,`donation_paytime`,`user_name` FROM `u_donation` INNER  JOIN u_user u on u_donation.donation_uid = u.user_id  WHERE ( donation_ispay = 1 ) ORDER BY donation_paytime desc LIMIT 0,7   [ RunTime:0.0420s ]
SQL: SELECT * FROM `s_proposal_type`  [ RunTime:0.0000s ]
INFO: [ view_parse ] --START--
INFO: [ template_filter ] --START--
INFO: Run Behavior\ContentReplaceBehavior [ RunTime:0.001000s ]
INFO: [ template_filter ] --END-- [ RunTime:0.001000s ]
INFO: Run Behavior\ParseTemplateBehavior [ RunTime:0.019001s ]
INFO: [ view_parse ] --END-- [ RunTime:0.019001s ]
INFO: [ view_filter ] --START--
INFO: Run Behavior\WriteHtmlCacheBehavior [ RunTime:0.001001s ]
INFO: [ view_filter ] --END-- [ RunTime:0.001001s ]
INFO: [ app_end ] --START--
INFO: Run Behavior\ShowPageTraceBehavior [ RunTime:0.001000s ]
INFO: [ app_end ] --END-- [ RunTime:0.001000s ]

[ 2018-05-15T13:57:42+08:00 ] 127.0.0.1 /favicon.ico
INFO: [ app_init ] --START--
INFO: Run Behavior\BuildLiteBehavior [ RunTime:0.000000s ]
INFO: [ app_init ] --END-- [ RunTime:0.001000s ]

[ 2018-05-15T13:57:42+08:00 ] 127.0.0.1 /favicon.ico
INFO: [ app_init ] --START--
INFO: Run Behavior\BuildLiteBehavior [ RunTime:0.000000s ]
INFO: [ app_init ] --END-- [ RunTime:0.001000s ]

[ 2018-05-15T13:57:47+08:00 ] 127.0.0.1 /index.php?m=Index&c=Login&a=login
INFO: [ app_init ] --START--
INFO: Run Behavior\BuildLiteBehavior [ RunTime:0.000000s ]
INFO: [ app_init ] --END-- [ RunTime:0.000000s ]
INFO: [ app_begin ] --START--
INFO: Run Behavior\ReadHtmlCacheBehavior [ RunTime:0.001000s ]
INFO: [ app_begin ] --END-- [ RunTime:0.001000s ]
NOTIC: [8] A session had already been started - ignoring session_start() D:\project\web_new_world_php\World\Index\Controller\CommonController.class.php 第 5 行.
INFO: [ view_parse ] --START--
INFO: [ template_filter ] --START--
INFO: Run Behavior\ContentReplaceBehavior [ RunTime:0.000000s ]
INFO: [ template_filter ] --END-- [ RunTime:0.001000s ]
INFO: Run Behavior\ParseTemplateBehavior [ RunTime:0.027001s ]
INFO: [ view_parse ] --END-- [ RunTime:0.027001s ]
INFO: [ view_filter ] --START--
INFO: Run Behavior\WriteHtmlCacheBehavior [ RunTime:0.001000s ]
INFO: [ view_filter ] --END-- [ RunTime:0.001000s ]
INFO: [ app_end ] --START--
INFO: Run Behavior\ShowPageTraceBehavior [ RunTime:0.001000s ]
INFO: [ app_end ] --END-- [ RunTime:0.001000s ]

[ 2018-05-15T13:57:56+08:00 ] 127.0.0.1 /index.php?m=Index&c=Ajax&a=ajax_login
INFO: [ app_init ] --START--
INFO: Run Behavior\BuildLiteBehavior [ RunTime:0.000000s ]
INFO: [ app_init ] --END-- [ RunTime:0.001000s ]
INFO: [ app_begin ] --START--
INFO: Run Behavior\ReadHtmlCacheBehavior [ RunTime:0.000000s ]
INFO: [ app_begin ] --END-- [ RunTime:0.001000s ]
NOTIC: [8] A session had already been started - ignoring session_start() D:\project\web_new_world_php\World\Index\Controller\CommonController.class.php 第 5 行.
SQL: SHOW COLUMNS FROM `u_user` [ RunTime:0.0070s ]
SQL: SELECT * FROM `u_user` WHERE `user_mail` = '1577762705@qq.com' LIMIT 1   [ RunTime:0.0000s ]

[ 2018-05-15T13:57:57+08:00 ] 127.0.0.1 /index.php?m=Index&c=Index&a=index
INFO: [ app_init ] --START--
INFO: Run Behavior\BuildLiteBehavior [ RunTime:0.000000s ]
INFO: [ app_init ] --END-- [ RunTime:0.001000s ]
INFO: [ app_begin ] --START--
INFO: Run Behavior\ReadHtmlCacheBehavior [ RunTime:0.001000s ]
INFO: [ app_begin ] --END-- [ RunTime:0.001000s ]
NOTIC: [8] A session had already been started - ignoring session_start() D:\project\web_new_world_php\World\Index\Controller\CommonController.class.php 第 5 行.
SQL: SHOW COLUMNS FROM `u_user` [ RunTime:0.0080s ]
SQL: SHOW COLUMNS FROM `u_donation` [ RunTime:0.0070s ]
SQL: SHOW COLUMNS FROM `s_proposal_type` [ RunTime:0.0060s ]
SQL: SELECT `user_havecoin`,`user_outcoin`,`user_outmoney`,`user_name`,`user_icon` FROM `u_user` ORDER BY user_havecoin desc LIMIT 0,6   [ RunTime:0.0000s ]
SQL: SELECT `user_havecoin`,`user_outcoin`,`user_outmoney`,`user_name`,`user_icon` FROM `u_user` ORDER BY user_outcoin desc LIMIT 0,6   [ RunTime:0.0010s ]
SQL: SELECT `user_havecoin`,`user_outcoin`,`user_outmoney`,`user_name`,`user_icon` FROM `u_user` ORDER BY user_outmoney desc LIMIT 0,6   [ RunTime:0.0010s ]
SQL: SELECT `donation_money`,`donation_coin`,`donation_paytime`,`user_name` FROM `u_donation` INNER  JOIN u_user u on u_donation.donation_uid = u.user_id  WHERE ( donation_ispay = 1 ) ORDER BY donation_paytime desc LIMIT 0,7   [ RunTime:0.0010s ]
SQL: SELECT * FROM `s_proposal_type`  [ RunTime:0.0000s ]
INFO: [ view_parse ] --START--
INFO: [ template_filter ] --START--
INFO: Run Behavior\ContentReplaceBehavior [ RunTime:0.001000s ]
INFO: [ template_filter ] --END-- [ RunTime:0.001000s ]
INFO: Run Behavior\ParseTemplateBehavior [ RunTime:0.015001s ]
INFO: [ view_parse ] --END-- [ RunTime:0.015001s ]
INFO: [ view_filter ] --START--
INFO: Run Behavior\WriteHtmlCacheBehavior [ RunTime:0.000000s ]
INFO: [ view_filter ] --END-- [ RunTime:0.000000s ]
INFO: [ app_end ] --START--
INFO: Run Behavior\ShowPageTraceBehavior [ RunTime:0.001000s ]
INFO: [ app_end ] --END-- [ RunTime:0.001000s ]

[ 2018-05-15T13:58:01+08:00 ] 127.0.0.1 /index.php?m=Index&c=Index&a=donation
INFO: [ app_init ] --START--
INFO: Run Behavior\BuildLiteBehavior [ RunTime:0.000000s ]
INFO: [ app_init ] --END-- [ RunTime:0.001000s ]
INFO: [ app_begin ] --START--
INFO: Run Behavior\ReadHtmlCacheBehavior [ RunTime:0.001000s ]
INFO: [ app_begin ] --END-- [ RunTime:0.001000s ]
NOTIC: [8] A session had already been started - ignoring session_start() D:\project\web_new_world_php\World\Index\Controller\CommonController.class.php 第 5 行.
INFO: [ view_parse ] --START--
INFO: [ template_filter ] --START--
INFO: Run Behavior\ContentReplaceBehavior [ RunTime:0.000000s ]
INFO: [ template_filter ] --END-- [ RunTime:0.000000s ]
INFO: Run Behavior\ParseTemplateBehavior [ RunTime:0.008001s ]
INFO: [ view_parse ] --END-- [ RunTime:0.008001s ]
INFO: [ view_filter ] --START--
INFO: Run Behavior\WriteHtmlCacheBehavior [ RunTime:0.001000s ]
INFO: [ view_filter ] --END-- [ RunTime:0.001000s ]
INFO: [ app_end ] --START--
INFO: Run Behavior\ShowPageTraceBehavior [ RunTime:0.001000s ]
INFO: [ app_end ] --END-- [ RunTime:0.001000s ]

[ 2018-05-15T13:58:01+08:00 ] 127.0.0.1 /index.php?m=Index&c=Common&a=verify
INFO: [ app_init ] --START--
INFO: Run Behavior\BuildLiteBehavior [ RunTime:0.000000s ]
INFO: [ app_init ] --END-- [ RunTime:0.001000s ]
INFO: [ app_begin ] --START--
INFO: Run Behavior\ReadHtmlCacheBehavior [ RunTime:0.001000s ]
INFO: [ app_begin ] --END-- [ RunTime:0.001000s ]
NOTIC: [8] A session had already been started - ignoring session_start() D:\project\web_new_world_php\World\Index\Controller\CommonController.class.php 第 5 行.
INFO: [ app_end ] --START--
INFO: Run Behavior\ShowPageTraceBehavior [ RunTime:0.001000s ]
INFO: [ app_end ] --END-- [ RunTime:0.001000s ]

[ 2018-05-15T13:58:12+08:00 ] 127.0.0.1 /index.php?number=11&city=1&password=1&cmd=_s-xclick&hosted_button_id=ERQYHMUKMTEKW&submit.x=45&submit.y=11
INFO: [ app_init ] --START--
INFO: Run Behavior\BuildLiteBehavior [ RunTime:0.000000s ]
INFO: [ app_init ] --END-- [ RunTime:0.001000s ]
INFO: [ app_begin ] --START--
INFO: Run Behavior\ReadHtmlCacheBehavior [ RunTime:0.001000s ]
INFO: [ app_begin ] --END-- [ RunTime:0.001000s ]
NOTIC: [8] A session had already been started - ignoring session_start() D:\project\web_new_world_php\World\Index\Controller\CommonController.class.php 第 5 行.
SQL: SHOW COLUMNS FROM `u_user` [ RunTime:0.0420s ]
SQL: SHOW COLUMNS FROM `u_donation` [ RunTime:0.0060s ]
SQL: SHOW COLUMNS FROM `s_proposal_type` [ RunTime:0.0080s ]
SQL: SELECT `user_havecoin`,`user_outcoin`,`user_outmoney`,`user_name`,`user_icon` FROM `u_user` ORDER BY user_havecoin desc LIMIT 0,6   [ RunTime:0.0000s ]
SQL: SELECT `user_havecoin`,`user_outcoin`,`user_outmoney`,`user_name`,`user_icon` FROM `u_user` ORDER BY user_outcoin desc LIMIT 0,6   [ RunTime:0.0000s ]
SQL: SELECT `user_havecoin`,`user_outcoin`,`user_outmoney`,`user_name`,`user_icon` FROM `u_user` ORDER BY user_outmoney desc LIMIT 0,6   [ RunTime:0.0010s ]
SQL: SELECT `donation_money`,`donation_coin`,`donation_paytime`,`user_name` FROM `u_donation` INNER  JOIN u_user u on u_donation.donation_uid = u.user_id  WHERE ( donation_ispay = 1 ) ORDER BY donation_paytime desc LIMIT 0,7   [ RunTime:0.0010s ]
SQL: SELECT * FROM `s_proposal_type`  [ RunTime:0.0010s ]
INFO: [ view_parse ] --START--
INFO: [ template_filter ] --START--
INFO: Run Behavior\ContentReplaceBehavior [ RunTime:0.000000s ]
INFO: [ template_filter ] --END-- [ RunTime:0.000000s ]
INFO: Run Behavior\ParseTemplateBehavior [ RunTime:0.015001s ]
INFO: [ view_parse ] --END-- [ RunTime:0.015001s ]
INFO: [ view_filter ] --START--
INFO: Run Behavior\WriteHtmlCacheBehavior [ RunTime:0.001000s ]
INFO: [ view_filter ] --END-- [ RunTime:0.001000s ]
INFO: [ app_end ] --START--
INFO: Run Behavior\ShowPageTraceBehavior [ RunTime:0.001000s ]
INFO: [ app_end ] --END-- [ RunTime:0.001000s ]

[ 2018-05-15T13:58:54+08:00 ] 127.0.0.1 /
INFO: [ app_init ] --START--
INFO: Run Behavior\BuildLiteBehavior [ RunTime:0.000000s ]
INFO: [ app_init ] --END-- [ RunTime:0.001000s ]
INFO: [ app_begin ] --START--
INFO: Run Behavior\ReadHtmlCacheBehavior [ RunTime:0.001000s ]
INFO: [ app_begin ] --END-- [ RunTime:0.001000s ]
NOTIC: [8] A session had already been started - ignoring session_start() D:\project\web_new_world_php\World\Index\Controller\CommonController.class.php 第 5 行.
SQL: SHOW COLUMNS FROM `u_user` [ RunTime:0.0090s ]
SQL: SHOW COLUMNS FROM `u_donation` [ RunTime:0.0070s ]
SQL: SHOW COLUMNS FROM `s_proposal_type` [ RunTime:0.0070s ]
SQL: SELECT `user_havecoin`,`user_outcoin`,`user_outmoney`,`user_name`,`user_icon` FROM `u_user` ORDER BY user_havecoin desc LIMIT 0,6   [ RunTime:0.0000s ]
SQL: SELECT `user_havecoin`,`user_outcoin`,`user_outmoney`,`user_name`,`user_icon` FROM `u_user` ORDER BY user_outcoin desc LIMIT 0,6   [ RunTime:0.0000s ]
SQL: SELECT `user_havecoin`,`user_outcoin`,`user_outmoney`,`user_name`,`user_icon` FROM `u_user` ORDER BY user_outmoney desc LIMIT 0,6   [ RunTime:0.0010s ]
SQL: SELECT `donation_money`,`donation_coin`,`donation_paytime`,`user_name` FROM `u_donation` INNER  JOIN u_user u on u_donation.donation_uid = u.user_id  WHERE ( donation_ispay = 1 ) ORDER BY donation_paytime desc LIMIT 0,7   [ RunTime:0.0010s ]
SQL: SELECT * FROM `s_proposal_type`  [ RunTime:0.0010s ]
INFO: [ view_parse ] --START--
INFO: [ template_filter ] --START--
INFO: Run Behavior\ContentReplaceBehavior [ RunTime:0.000000s ]
INFO: [ template_filter ] --END-- [ RunTime:0.000000s ]
INFO: Run Behavior\ParseTemplateBehavior [ RunTime:0.015001s ]
INFO: [ view_parse ] --END-- [ RunTime:0.015001s ]
INFO: [ view_filter ] --START--
INFO: Run Behavior\WriteHtmlCacheBehavior [ RunTime:0.000000s ]
INFO: [ view_filter ] --END-- [ RunTime:0.000000s ]
INFO: [ app_end ] --START--
INFO: Run Behavior\ShowPageTraceBehavior [ RunTime:0.001000s ]
INFO: [ app_end ] --END-- [ RunTime:0.001000s ]

[ 2018-05-15T13:58:54+08:00 ] 127.0.0.1 /index.php?m=Index&c=Index&a=donation
INFO: [ app_init ] --START--
INFO: Run Behavior\BuildLiteBehavior [ RunTime:0.000000s ]
INFO: [ app_init ] --END-- [ RunTime:0.001000s ]
INFO: [ app_begin ] --START--
INFO: Run Behavior\ReadHtmlCacheBehavior [ RunTime:0.001000s ]
INFO: [ app_begin ] --END-- [ RunTime:0.001000s ]
NOTIC: [8] A session had already been started - ignoring session_start() D:\project\web_new_world_php\World\Index\Controller\CommonController.class.php 第 5 行.
INFO: [ view_parse ] --START--
INFO: [ template_filter ] --START--
INFO: Run Behavior\ContentReplaceBehavior [ RunTime:0.000000s ]
INFO: [ template_filter ] --END-- [ RunTime:0.000000s ]
INFO: Run Behavior\ParseTemplateBehavior [ RunTime:0.008001s ]
INFO: [ view_parse ] --END-- [ RunTime:0.008001s ]
INFO: [ view_filter ] --START--
INFO: Run Behavior\WriteHtmlCacheBehavior [ RunTime:0.001000s ]
INFO: [ view_filter ] --END-- [ RunTime:0.001000s ]
INFO: [ app_end ] --START--
INFO: Run Behavior\ShowPageTraceBehavior [ RunTime:0.002000s ]
INFO: [ app_end ] --END-- [ RunTime:0.002000s ]

[ 2018-05-15T13:58:54+08:00 ] 127.0.0.1 /index.php?m=Index&c=Common&a=verify
INFO: [ app_init ] --START--
INFO: Run Behavior\BuildLiteBehavior [ RunTime:0.000000s ]
INFO: [ app_init ] --END-- [ RunTime:0.001000s ]
INFO: [ app_begin ] --START--
INFO: Run Behavior\ReadHtmlCacheBehavior [ RunTime:0.001000s ]
INFO: [ app_begin ] --END-- [ RunTime:0.002000s ]
NOTIC: [8] A session had already been started - ignoring session_start() D:\project\web_new_world_php\World\Index\Controller\CommonController.class.php 第 5 行.
INFO: [ app_end ] --START--
INFO: Run Behavior\ShowPageTraceBehavior [ RunTime:0.001000s ]
INFO: [ app_end ] --END-- [ RunTime:0.001000s ]

[ 2018-05-15T14:03:01+08:00 ] 127.0.0.1 /index.php?m=Index&c=Common&a=verify
INFO: [ app_init ] --START--
INFO: Run Behavior\BuildLiteBehavior [ RunTime:0.000000s ]
INFO: [ app_init ] --END-- [ RunTime:0.000000s ]
INFO: [ app_begin ] --START--
INFO: Run Behavior\ReadHtmlCacheBehavior [ RunTime:0.001000s ]
INFO: [ app_begin ] --END-- [ RunTime:0.001000s ]
NOTIC: [8] A session had already been started - ignoring session_start() D:\project\web_new_world_php\World\Index\Controller\CommonController.class.php 第 5 行.
INFO: [ app_end ] --START--
INFO: Run Behavior\ShowPageTraceBehavior [ RunTime:0.001000s ]
INFO: [ app_end ] --END-- [ RunTime:0.001000s ]

[ 2018-05-15T14:09:56+08:00 ] 127.0.0.1 /index.php?m=Index&c=Common&a=verify
INFO: [ app_init ] --START--
INFO: Run Behavior\BuildLiteBehavior [ RunTime:0.000000s ]
INFO: [ app_init ] --END-- [ RunTime:0.000000s ]
INFO: [ app_begin ] --START--
INFO: Run Behavior\ReadHtmlCacheBehavior [ RunTime:0.001000s ]
INFO: [ app_begin ] --END-- [ RunTime:0.001000s ]
NOTIC: [8] A session had already been started - ignoring session_start() D:\project\web_new_world_php\World\Index\Controller\CommonController.class.php 第 5 行.
INFO: [ app_end ] --START--
INFO: Run Behavior\ShowPageTraceBehavior [ RunTime:0.001000s ]
INFO: [ app_end ] --END-- [ RunTime:0.002001s ]

