Send GET https://device.jpush.cn/v3/aliases/559f573636a47ff8, body:null, times:1
Send POST https://api.jpush.cn/v3/push, body:{"platform":["ios"],"audience":{"alias":["559f573636a47ff8"]},"notification":{"ios":{"alert":"\u60a8\u7684\u8d26\u53f7\u5df2\u7ecf\u5728\u53e6\u4e00\u4e2a\u8bbe\u5907\u767b\u5f55\u4e86","sound":"sound.caf","badge":"1","extras":{"key":"value"}}},"options":{"sendno":1989000407,"apns_production":false}}, times:1
Send POST https://api.jpush.cn/v3/push, body:{"platform":["ios"],"audience":{"alias":["559f573636a47ff8"]},"notification":{"ios":{"alert":"\u60a8\u7684\u8d26\u53f7\u5df2\u7ecf\u5728\u53e6\u4e00\u4e2a\u8bbe\u5907\u767b\u5f55\u4e86","sound":"sound.caf","badge":"1","content-available":true,"mutable-content":true,"category":"jiguang","extras":{"key":"value","0":"jiguang"}}},"options":{"sendno":25474520,"apns_production":true}}, times:1
Send GET https://device.jpush.cn/v3/aliases/559f573636a47ff8, body:null, times:1
Send POST https://api.jpush.cn/v3/push, body:{"platform":["ios"],"audience":{"alias":["559f573636a47ff8"]},"notification":{"ios":{"alert":"\u60a8\u7684\u8d26\u53f7\u5df2\u7ecf\u5728\u53e6\u4e00\u4e2a\u8bbe\u5907\u767b\u5f55\u4e86","sound":"sound.caf","badge":"1","extras":{"key":"value"}}},"options":{"sendno":1524655470,"apns_production":false}}, times:1
Send POST https://api.jpush.cn/v3/push, body:{"platform":["ios"],"audience":{"alias":["559f573636a47ff8"]},"notification":{"ios":{"alert":"\u60a8\u7684\u8d26\u53f7\u5df2\u7ecf\u5728\u53e6\u4e00\u4e2a\u8bbe\u5907\u767b\u5f55\u4e86","sound":"sound.caf","badge":"1","content-available":true,"mutable-content":true,"category":"jiguang","extras":{"key":"value","0":"jiguang"}}},"options":{"sendno":1254589965,"apns_production":true}}, times:1
Send GET https://device.jpush.cn/v3/aliases/559f573636a47ff8, body:null, times:1
Send POST https://api.jpush.cn/v3/push, body:{"platform":["ios"],"audience":{"alias":["559f573636a47ff8"]},"notification":{"ios":{"alert":"\u60a8\u7684\u8d26\u53f7\u5df2\u7ecf\u5728\u53e6\u4e00\u4e2a\u8bbe\u5907\u767b\u5f55\u4e86","sound":"sound.caf","badge":"1","extras":{"key":"value"}}},"options":{"sendno":1024678701,"apns_production":false}}, times:1
Send POST https://api.jpush.cn/v3/push, body:{"platform":["ios"],"audience":{"alias":["559f573636a47ff8"]},"notification":{"ios":{"alert":"\u60a8\u7684\u8d26\u53f7\u5df2\u7ecf\u5728\u53e6\u4e00\u4e2a\u8bbe\u5907\u767b\u5f55\u4e86","sound":"sound.caf","badge":"1","content-available":true,"mutable-content":true,"category":"jiguang","extras":{"key":"value","0":"jiguang"}}},"options":{"sendno":2103637987,"apns_production":true}}, times:1
Send GET https://device.jpush.cn/v3/aliases/18daeed75dd1c7fd, body:null, times:1
Send POST https://api.jpush.cn/v3/push, body:{"platform":["ios"],"audience":{"alias":["18daeed75dd1c7fd"]},"notification":{"ios":{"alert":"\u60a8\u7684\u8d26\u53f7\u5df2\u7ecf\u5728\u53e6\u4e00\u4e2a\u8bbe\u5907\u767b\u5f55\u4e86","sound":"sound.caf","badge":"1","extras":{"key":"value"}}},"options":{"sendno":709423120,"apns_production":false}}, times:1
Send POST https://api.jpush.cn/v3/push, body:{"platform":["ios"],"audience":{"alias":["18daeed75dd1c7fd"]},"notification":{"ios":{"alert":"\u60a8\u7684\u8d26\u53f7\u5df2\u7ecf\u5728\u53e6\u4e00\u4e2a\u8bbe\u5907\u767b\u5f55\u4e86","sound":"sound.caf","badge":"1","content-available":true,"mutable-content":true,"category":"jiguang","extras":{"key":"value","0":"jiguang"}}},"options":{"sendno":1957246868,"apns_production":true}}, times:1
Send POST https://api.jpush.cn/v3/schedules, body:{"name":"\u6307\u5b9a\u65f6\u95f4\u70b9\u7684\u5b9a\u65f6\u4efb\u52a1","enabled":true,"trigger":{"single":{"time":"2018-01-31 13:38:40"}},"push":{"platform":["ios"],"audience":{"alias":["ed90c7f1a950bd13"]},"notification":{"ios":{"alert":"\u60a8\u7684\u5907\u5fd8\u5f55\u6709\u4e00\u6761\u8bb0\u5f55","sound":"sound.caf","badge":"1","extras":{"key":"value"}}},"options":{"sendno":2026853414,"apns_production":false}}}, times:1
Send POST https://api.jpush.cn/v3/schedules, body:{"name":"\u6307\u5b9a\u65f6\u95f4\u70b9\u7684\u5b9a\u65f6\u4efb\u52a1","enabled":true,"trigger":{"single":{"time":"2018-01-31 13:01:29"}},"push":{"platform":["ios"],"audience":{"alias":["ed90c7f1a950bd13"]},"notification":{"ios":{"alert":"\u60a8\u7684\u5907\u5fd8\u5f55\u6709\u4e00\u6761\u8bb0\u5f55","sound":"sound.caf","badge":"1","extras":{"key":"value"}}},"options":{"sendno":627497155,"apns_production":false}}}, times:1
Send GET https://device.jpush.cn/v3/aliases/559f573636a47ff8, body:null, times:1
Send POST https://api.jpush.cn/v3/push, body:{"platform":["ios"],"audience":{"alias":["559f573636a47ff8"]},"notification":{"ios":{"alert":"\u60a8\u7684\u8d26\u53f7\u5df2\u7ecf\u5728\u53e6\u4e00\u4e2a\u8bbe\u5907\u767b\u5f55\u4e86","sound":"sound.caf","badge":"1","extras":{"key":"value"}}},"options":{"sendno":1307406911,"apns_production":false}}, times:1
Send POST https://api.jpush.cn/v3/push, body:{"platform":["ios"],"audience":{"alias":["559f573636a47ff8"]},"notification":{"ios":{"alert":"\u60a8\u7684\u8d26\u53f7\u5df2\u7ecf\u5728\u53e6\u4e00\u4e2a\u8bbe\u5907\u767b\u5f55\u4e86","sound":"sound.caf","badge":"1","content-available":true,"mutable-content":true,"category":"jiguang","extras":{"key":"value","0":"jiguang"}}},"options":{"sendno":1023393669,"apns_production":true}}, times:1
Send POST https://api.jpush.cn/v3/schedules, body:{"name":"\u6307\u5b9a\u65f6\u95f4\u70b9\u7684\u5b9a\u65f6\u4efb\u52a1","enabled":true,"trigger":{"single":{"time":"2018-02-01 18:39:48"}},"push":{"platform":["ios"],"audience":{"alias":["18daeed75dd1c7fd"]},"notification":{"ios":{"alert":"\u60a8\u6709\u4e00\u8282\u8bfe\u5373\u5c06\u5f00\u8bfe\uff0c\u8bb0\u5f97\u53bb\u4e0a\u54e6~","sound":"sound.caf","badge":"1","extras":{"key":"value"}}},"options":{"sendno":1167845186,"apns_production":false}}}, times:1
Send GET https://device.jpush.cn/v3/aliases/18daeed75dd1c7fd, body:null, times:1
Send POST https://api.jpush.cn/v3/push, body:{"platform":["ios"],"audience":{"alias":["18daeed75dd1c7fd"]},"notification":{"ios":{"alert":"\u60a8\u7684\u8d26\u53f7\u5df2\u7ecf\u5728\u53e6\u4e00\u4e2a\u8bbe\u5907\u767b\u5f55\u4e86","sound":"sound.caf","badge":"1","extras":{"key":"value"}}},"options":{"sendno":1759542068,"apns_production":false}}, times:1
Send POST https://api.jpush.cn/v3/push, body:{"platform":["ios"],"audience":{"alias":["18daeed75dd1c7fd"]},"notification":{"ios":{"alert":"\u60a8\u7684\u8d26\u53f7\u5df2\u7ecf\u5728\u53e6\u4e00\u4e2a\u8bbe\u5907\u767b\u5f55\u4e86","sound":"sound.caf","badge":"1","content-available":true,"mutable-content":true,"category":"jiguang","extras":{"key":"value","0":"jiguang"}}},"options":{"sendno":1085277186,"apns_production":true}}, times:1
Send POST https://api.jpush.cn/v3/schedules, body:{"name":"\u6307\u5b9a\u65f6\u95f4\u70b9\u7684\u5b9a\u65f6\u4efb\u52a1","enabled":true,"trigger":{"single":{"time":"2018-02-01 11:57:00"}},"push":{"platform":["ios"],"audience":{"alias":["559f573636a47ff8"]},"notification":{"ios":{"alert":"\u60a8\u7684\u5907\u5fd8\u5f55\u6709\u4e00\u6761\u8bb0\u5f55","sound":"sound.caf","badge":"1","extras":{"key":"value"}}},"options":{"sendno":1956801713,"apns_production":false}}}, times:1
Send POST https://api.jpush.cn/v3/push, body:{"platform":["ios"],"audience":{"alias":["559f573636a47ff8"]},"notification":{"ios":{"alert":"\u60a8\u7684show\u623f\u9884\u7ea6\u7533\u8bf7\u5df2\u540c\u610f\uff0c\u60a8\u7684\u76f4\u64ad\u623f\u95f4\u53f7\u662f17464668","sound":"sound.caf","badge":"1","extras":{"key":"value"}}},"options":{"sendno":1982303911,"apns_production":false}}, times:1
Send POST https://api.jpush.cn/v3/schedules, body:{"name":"\u6307\u5b9a\u65f6\u95f4\u70b9\u7684\u5b9a\u65f6\u4efb\u52a1","enabled":true,"trigger":{"single":{"time":"2018-02-01 13:53:01"}},"push":{"platform":["ios"],"audience":{"alias":["559f573636a47ff8"]},"notification":{"ios":{"alert":"\u60a8\u7533\u8bf7\u7684\u9884\u7ea6\u76f4\u64ad\u5df2\u5ba1\u6838\u901a\u8fc7","sound":"sound.caf","badge":"+1","content-available":true,"mutable-content":true,"category":"jiguang"}},"options":{"sendno":552822194,"apns_production":false}}}, times:1
Send GET https://device.jpush.cn/v3/aliases/ed90c7f1a950bd13, body:null, times:1
Send GET https://device.jpush.cn/v3/aliases/384c251faa6311d4f1fd46ccab741b6a, body:null, times:1
Send GET https://device.jpush.cn/v3/aliases/384c251faa6311d4f1fd46ccab741b6a, body:null, times:1
Send GET https://device.jpush.cn/v3/aliases/384c251faa6311d4f1fd46ccab741b6a, body:null, times:1
Send POST https://api.jpush.cn/v3/push, body:{"platform":["ios"],"audience":{"alias":["384c251faa6311d4f1fd46ccab741b6a"]},"notification":{"ios":{"alert":"\u60a8\u7533\u8bf7\u7684\u7434\u884c\u76f4\u64ad\u95f4\u8ba4\u8bc1\u5df2\u540c\u610f","sound":"sound.caf","badge":"1","extras":{"key":"value"}}},"options":{"sendno":45163689,"apns_production":false}}, times:1
Send POST https://api.jpush.cn/v3/push, body:{"platform":["ios"],"audience":{"alias":["559f573636a47ff8"]},"notification":{"ios":{"alert":"\u60a8\u7533\u8bf7\u7684\u7434\u884c\u76f4\u64ad\u95f4\u8ba4\u8bc1\u5df2\u62d2\u7edd","sound":"sound.caf","badge":"1","extras":{"key":"value"}}},"options":{"sendno":172610053,"apns_production":false}}, times:1
Send POST https://api.jpush.cn/v3/push, body:{"platform":["ios"],"audience":{"alias":["559f573636a47ff8"]},"notification":{"ios":{"alert":"\u60a8\u7533\u8bf7\u7684\u7434\u884c\u76f4\u64ad\u95f4\u8ba4\u8bc1\u5df2\u540c\u610f","sound":"sound.caf","badge":"1","extras":{"key":"value"}}},"options":{"sendno":1918804470,"apns_production":false}}, times:1
Send GET https://device.jpush.cn/v3/aliases/559f573636a47ff8, body:null, times:1
Send POST https://api.jpush.cn/v3/push, body:{"platform":["ios"],"audience":{"alias":["559f573636a47ff8"]},"notification":{"ios":{"alert":"\u60a8\u7684\u8d26\u53f7\u5df2\u7ecf\u5728\u53e6\u4e00\u4e2a\u8bbe\u5907\u767b\u5f55\u4e86","sound":"sound.caf","badge":"1","extras":{"key":"value"}}},"options":{"sendno":434762695,"apns_production":false}}, times:1
Send POST https://api.jpush.cn/v3/push, body:{"platform":["ios"],"audience":{"alias":["559f573636a47ff8"]},"notification":{"ios":{"alert":"\u60a8\u7684\u8d26\u53f7\u5df2\u7ecf\u5728\u53e6\u4e00\u4e2a\u8bbe\u5907\u767b\u5f55\u4e86","sound":"sound.caf","badge":"1","content-available":true,"mutable-content":true,"category":"jiguang","extras":{"key":"value","0":"jiguang"}}},"options":{"sendno":1698238338,"apns_production":true}}, times:1
Send POST https://api.jpush.cn/v3/schedules, body:{"name":"\u6307\u5b9a\u65f6\u95f4\u70b9\u7684\u5b9a\u65f6\u4efb\u52a1","enabled":true,"trigger":{"single":{"time":"2018-02-06 11:48:58"}},"push":{"platform":["android"],"audience":{"alias":["ec7a75f10f66e6e3"]},"notification":{"alert":"\u8001\u5e08\u7ed9\u4f60\u5e03\u7f6e\u4e86\u4e00\u4e2a\u4f5c\u4e1a,\u8bf7\u7559\u610f,\u8bb0\u5f97\u5b8c\u6210\u54e6~"},"options":{"sendno":923086166,"apns_production":false}}}, times:1
Send GET https://device.jpush.cn/v3/aliases/cfbfac56ab30b9e0, body:null, times:1
Send GET https://device.jpush.cn/v3/aliases/8741d52bfd088694, body:null, times:1
Send GET https://device.jpush.cn/v3/aliases/ed90c7f1a950bd13, body:null, times:1
Send GET https://device.jpush.cn/v3/aliases/384c251faa6311d4f1fd46ccab741b6a, body:null, times:1
Send POST https://api.jpush.cn/v3/schedules, body:{"name":"\u6307\u5b9a\u65f6\u95f4\u70b9\u7684\u5b9a\u65f6\u4efb\u52a1","enabled":true,"trigger":{"single":{"time":"2018-02-07 18:37:58"}},"push":{"platform":["ios"],"audience":{"alias":["ac2558bf23079bf3"]},"notification":{"ios":{"alert":"\u60a8\u6709\u4e00\u8282\u8bfe\u5373\u5c06\u5f00\u8bfe\uff0c\u8bb0\u5f97\u53bb\u4e0a\u54e6~","sound":"sound.caf","badge":"1","extras":{"key":"value"}}},"options":{"sendno":1184753850,"apns_production":false}}}, times:1
Send GET https://device.jpush.cn/v3/aliases/ac2558bf23079bf3, body:null, times:1
Send POST https://api.jpush.cn/v3/push, body:{"platform":["ios"],"audience":{"alias":["ac2558bf23079bf3"]},"notification":{"ios":{"alert":"\u60a8\u7684\u8d26\u53f7\u5df2\u7ecf\u5728\u53e6\u4e00\u4e2a\u8bbe\u5907\u767b\u5f55\u4e86","sound":"sound.caf","badge":"1","extras":{"key":"value"}}},"options":{"sendno":1869701132,"apns_production":false}}, times:1
Send POST https://api.jpush.cn/v3/push, body:{"platform":["ios"],"audience":{"alias":["ac2558bf23079bf3"]},"notification":{"ios":{"alert":"\u60a8\u7684\u8d26\u53f7\u5df2\u7ecf\u5728\u53e6\u4e00\u4e2a\u8bbe\u5907\u767b\u5f55\u4e86","sound":"sound.caf","badge":"1","content-available":true,"mutable-content":true,"category":"jiguang","extras":{"key":"value","0":"jiguang"}}},"options":{"sendno":167285074,"apns_production":true}}, times:1
